{"/Users/dishankchauhan/accountability-app/services/authService.ts": {"path":"/Users/dishankchauhan/accountability-app/services/authService.ts","statementMap":{"0":{"start":{"line":14,"column":25},"end":{"line":14,"column":85}},"1":{"start":{"line":15,"column":15},"end":{"line":15,"column":34}},"2":{"start":{"line":17,"column":35},"end":{"line":23,"column":3}},"3":{"start":{"line":25,"column":2},"end":{"line":25,"column":71}},"4":{"start":{"line":26,"column":2},"end":{"line":26,"column":44}},"5":{"start":{"line":28,"column":2},"end":{"line":28,"column":21}},"6":{"start":{"line":32,"column":25},"end":{"line":32,"column":81}},"7":{"start":{"line":33,"column":18},"end":{"line":33,"column":90}},"8":{"start":{"line":35,"column":2},"end":{"line":37,"column":3}},"9":{"start":{"line":36,"column":4},"end":{"line":36,"column":46}},"10":{"start":{"line":39,"column":2},"end":{"line":39,"column":39}},"11":{"start":{"line":43,"column":2},"end":{"line":43,"column":25}},"12":{"start":{"line":47,"column":15},"end":{"line":47,"column":33}},"13":{"start":{"line":48,"column":2},"end":{"line":48,"column":25}},"14":{"start":{"line":48,"column":13},"end":{"line":48,"column":25}},"15":{"start":{"line":50,"column":18},"end":{"line":50,"column":75}},"16":{"start":{"line":51,"column":2},"end":{"line":51,"column":65}},"17":{"start":{"line":55,"column":2},"end":{"line":55,"column":71}},"18":{"start":{"line":59,"column":2},"end":{"line":59,"column":45}}},"fnMap":{"0":{"name":"signUp","decl":{"start":{"line":13,"column":22},"end":{"line":13,"column":28}},"loc":{"start":{"line":13,"column":105},"end":{"line":29,"column":1}},"line":13},"1":{"name":"signIn","decl":{"start":{"line":31,"column":22},"end":{"line":31,"column":28}},"loc":{"start":{"line":31,"column":84},"end":{"line":40,"column":1}},"line":31},"2":{"name":"signOut","decl":{"start":{"line":42,"column":22},"end":{"line":42,"column":29}},"loc":{"start":{"line":42,"column":47},"end":{"line":44,"column":1}},"line":42},"3":{"name":"getCurrentUser","decl":{"start":{"line":46,"column":22},"end":{"line":46,"column":36}},"loc":{"start":{"line":46,"column":68},"end":{"line":52,"column":1}},"line":46},"4":{"name":"updateUserTokens","decl":{"start":{"line":54,"column":22},"end":{"line":54,"column":38}},"loc":{"start":{"line":54,"column":86},"end":{"line":56,"column":1}},"line":54},"5":{"name":"onAuthStateChanged","decl":{"start":{"line":58,"column":16},"end":{"line":58,"column":34}},"loc":{"start":{"line":58,"column":92},"end":{"line":60,"column":1}},"line":58}},"branchMap":{"0":{"loc":{"start":{"line":35,"column":2},"end":{"line":37,"column":3}},"type":"if","locations":[{"start":{"line":35,"column":2},"end":{"line":37,"column":3}},{"start":{},"end":{}}],"line":35},"1":{"loc":{"start":{"line":48,"column":2},"end":{"line":48,"column":25}},"type":"if","locations":[{"start":{"line":48,"column":2},"end":{"line":48,"column":25}},{"start":{},"end":{}}],"line":48},"2":{"loc":{"start":{"line":51,"column":9},"end":{"line":51,"column":64}},"type":"cond-expr","locations":[{"start":{"line":51,"column":27},"end":{"line":51,"column":56}},{"start":{"line":51,"column":60},"end":{"line":51,"column":64}}],"line":51}},"s":{"0":2,"1":1,"2":1,"3":1,"4":1,"5":0,"6":2,"7":1,"8":1,"9":0,"10":1,"11":2,"12":2,"13":2,"14":1,"15":1,"16":1,"17":2,"18":1},"f":{"0":2,"1":2,"2":2,"3":2,"4":2,"5":1},"b":{"0":[0,1],"1":[1,1],"2":[1,0]},"_coverageSchema":"1a1c01bbd47fc00a2c39e90264f33305004495a9","hash":"51cd18ad83706031415d41c083bbc5879f28a5ea"}
,"/Users/dishankchauhan/accountability-app/services/challengeService.ts": {"path":"/Users/dishankchauhan/accountability-app/services/challengeService.ts","statementMap":{"0":{"start":{"line":30,"column":18},"end":{"line":30,"column":31}},"1":{"start":{"line":31,"column":33},"end":{"line":31,"column":47}},"2":{"start":{"line":32,"column":20},"end":{"line":32,"column":21}},"3":{"start":{"line":33,"column":21},"end":{"line":36,"column":1}},"4":{"start":{"line":83,"column":42},"end":{"line":83,"column":78}},"5":{"start":{"line":85,"column":56},"end":{"line":85,"column":65}},"6":{"start":{"line":88,"column":4},"end":{"line":88,"column":39}},"7":{"start":{"line":92,"column":4},"end":{"line":94,"column":5}},"8":{"start":{"line":93,"column":6},"end":{"line":93,"column":57}},"9":{"start":{"line":95,"column":4},"end":{"line":95,"column":37}},"10":{"start":{"line":99,"column":4},"end":{"line":101,"column":5}},"11":{"start":{"line":100,"column":6},"end":{"line":100,"column":49}},"12":{"start":{"line":103,"column":4},"end":{"line":107,"column":33}},"13":{"start":{"line":104,"column":6},"end":{"line":106,"column":9}},"14":{"start":{"line":105,"column":8},"end":{"line":105,"column":60}},"15":{"start":{"line":111,"column":4},"end":{"line":111,"column":67}},"16":{"start":{"line":112,"column":4},"end":{"line":112,"column":35}},"17":{"start":{"line":113,"column":4},"end":{"line":116,"column":7}},"18":{"start":{"line":120,"column":4},"end":{"line":127,"column":5}},"19":{"start":{"line":121,"column":19},"end":{"line":121,"column":53}},"20":{"start":{"line":122,"column":6},"end":{"line":122,"column":59}},"21":{"start":{"line":122,"column":17},"end":{"line":122,"column":59}},"22":{"start":{"line":123,"column":6},"end":{"line":123,"column":25}},"23":{"start":{"line":125,"column":6},"end":{"line":125,"column":58}},"24":{"start":{"line":126,"column":6},"end":{"line":126,"column":18}},"25":{"start":{"line":131,"column":4},"end":{"line":139,"column":5}},"26":{"start":{"line":132,"column":19},"end":{"line":132,"column":53}},"27":{"start":{"line":133,"column":6},"end":{"line":133,"column":59}},"28":{"start":{"line":133,"column":17},"end":{"line":133,"column":59}},"29":{"start":{"line":134,"column":6},"end":{"line":134,"column":58}},"30":{"start":{"line":135,"column":6},"end":{"line":135,"column":66}},"31":{"start":{"line":137,"column":6},"end":{"line":137,"column":58}},"32":{"start":{"line":138,"column":6},"end":{"line":138,"column":18}},"33":{"start":{"line":143,"column":16},"end":{"line":143,"column":26}},"34":{"start":{"line":144,"column":22},"end":{"line":144,"column":51}},"35":{"start":{"line":145,"column":20},"end":{"line":145,"column":47}},"36":{"start":{"line":147,"column":4},"end":{"line":149,"column":5}},"37":{"start":{"line":148,"column":6},"end":{"line":148,"column":69}},"38":{"start":{"line":150,"column":4},"end":{"line":152,"column":5}},"39":{"start":{"line":151,"column":6},"end":{"line":151,"column":66}},"40":{"start":{"line":153,"column":4},"end":{"line":155,"column":5}},"41":{"start":{"line":154,"column":6},"end":{"line":154,"column":64}},"42":{"start":{"line":156,"column":4},"end":{"line":158,"column":5}},"43":{"start":{"line":157,"column":6},"end":{"line":157,"column":63}},"44":{"start":{"line":159,"column":4},"end":{"line":161,"column":5}},"45":{"start":{"line":160,"column":6},"end":{"line":160,"column":69}},"46":{"start":{"line":165,"column":4},"end":{"line":190,"column":5}},"47":{"start":{"line":166,"column":25},"end":{"line":166,"column":60}},"48":{"start":{"line":167,"column":6},"end":{"line":167,"column":32}},"49":{"start":{"line":167,"column":23},"end":{"line":167,"column":32}},"50":{"start":{"line":169,"column":21},"end":{"line":169,"column":22}},"51":{"start":{"line":171,"column":6},"end":{"line":184,"column":7}},"52":{"start":{"line":173,"column":10},"end":{"line":173,"column":53}},"53":{"start":{"line":174,"column":10},"end":{"line":174,"column":16}},"54":{"start":{"line":176,"column":10},"end":{"line":176,"column":61}},"55":{"start":{"line":177,"column":10},"end":{"line":177,"column":16}},"56":{"start":{"line":179,"column":10},"end":{"line":179,"column":63}},"57":{"start":{"line":181,"column":10},"end":{"line":181,"column":64}},"58":{"start":{"line":183,"column":10},"end":{"line":183,"column":65}},"59":{"start":{"line":186,"column":6},"end":{"line":186,"column":50}},"60":{"start":{"line":188,"column":6},"end":{"line":188,"column":65}},"61":{"start":{"line":189,"column":6},"end":{"line":189,"column":15}},"62":{"start":{"line":194,"column":4},"end":{"line":216,"column":5}},"63":{"start":{"line":195,"column":19},"end":{"line":195,"column":53}},"64":{"start":{"line":196,"column":6},"end":{"line":196,"column":59}},"65":{"start":{"line":196,"column":17},"end":{"line":196,"column":59}},"66":{"start":{"line":198,"column":32},"end":{"line":202,"column":7}},"67":{"start":{"line":204,"column":23},"end":{"line":204,"column":55}},"68":{"start":{"line":205,"column":6},"end":{"line":212,"column":9}},"69":{"start":{"line":206,"column":21},"end":{"line":206,"column":31}},"70":{"start":{"line":207,"column":8},"end":{"line":211,"column":27}},"71":{"start":{"line":214,"column":6},"end":{"line":214,"column":62}},"72":{"start":{"line":215,"column":6},"end":{"line":215,"column":18}},"73":{"start":{"line":220,"column":4},"end":{"line":252,"column":5}},"74":{"start":{"line":222,"column":25},"end":{"line":222,"column":82}},"75":{"start":{"line":223,"column":6},"end":{"line":228,"column":7}},"76":{"start":{"line":224,"column":36},"end":{"line":224,"column":58}},"77":{"start":{"line":225,"column":8},"end":{"line":227,"column":9}},"78":{"start":{"line":226,"column":10},"end":{"line":226,"column":37}},"79":{"start":{"line":229,"column":28},"end":{"line":233,"column":7}},"80":{"start":{"line":235,"column":23},"end":{"line":235,"column":51}},"81":{"start":{"line":237,"column":25},"end":{"line":240,"column":24}},"82":{"start":{"line":237,"column":84},"end":{"line":240,"column":7}},"83":{"start":{"line":243,"column":6},"end":{"line":246,"column":10}},"84":{"start":{"line":248,"column":6},"end":{"line":248,"column":24}},"85":{"start":{"line":250,"column":6},"end":{"line":250,"column":67}},"86":{"start":{"line":251,"column":6},"end":{"line":251,"column":16}},"87":{"start":{"line":256,"column":4},"end":{"line":271,"column":5}},"88":{"start":{"line":257,"column":52},"end":{"line":260,"column":8}},"89":{"start":{"line":263,"column":32},"end":{"line":265,"column":7}},"90":{"start":{"line":264,"column":21},"end":{"line":264,"column":71}},"91":{"start":{"line":264,"column":48},"end":{"line":264,"column":70}},"92":{"start":{"line":267,"column":6},"end":{"line":267,"column":55}},"93":{"start":{"line":269,"column":6},"end":{"line":269,"column":61}},"94":{"start":{"line":270,"column":6},"end":{"line":270,"column":16}},"95":{"start":{"line":275,"column":4},"end":{"line":298,"column":5}},"96":{"start":{"line":276,"column":29},"end":{"line":276,"column":59}},"97":{"start":{"line":277,"column":20},"end":{"line":277,"column":34}},"98":{"start":{"line":278,"column":18},"end":{"line":278,"column":28}},"99":{"start":{"line":280,"column":6},"end":{"line":291,"column":7}},"100":{"start":{"line":281,"column":8},"end":{"line":281,"column":52}},"101":{"start":{"line":281,"column":43},"end":{"line":281,"column":52}},"102":{"start":{"line":282,"column":8},"end":{"line":286,"column":9}},"103":{"start":{"line":284,"column":10},"end":{"line":284,"column":60}},"104":{"start":{"line":285,"column":10},"end":{"line":285,"column":19}},"105":{"start":{"line":288,"column":25},"end":{"line":288,"column":88}},"106":{"start":{"line":289,"column":20},"end":{"line":289,"column":59}},"107":{"start":{"line":290,"column":8},"end":{"line":290,"column":40}},"108":{"start":{"line":293,"column":6},"end":{"line":293,"column":27}},"109":{"start":{"line":294,"column":6},"end":{"line":294,"column":91}},"110":{"start":{"line":295,"column":6},"end":{"line":295,"column":55}},"111":{"start":{"line":297,"column":6},"end":{"line":297,"column":73}},"112":{"start":{"line":302,"column":4},"end":{"line":359,"column":5}},"113":{"start":{"line":303,"column":19},"end":{"line":303,"column":53}},"114":{"start":{"line":304,"column":6},"end":{"line":304,"column":59}},"115":{"start":{"line":304,"column":17},"end":{"line":304,"column":59}},"116":{"start":{"line":306,"column":27},"end":{"line":306,"column":61}},"117":{"start":{"line":307,"column":25},"end":{"line":307,"column":51}},"118":{"start":{"line":309,"column":6},"end":{"line":353,"column":9}},"119":{"start":{"line":310,"column":29},"end":{"line":310,"column":64}},"120":{"start":{"line":311,"column":8},"end":{"line":311,"column":73}},"121":{"start":{"line":311,"column":34},"end":{"line":311,"column":73}},"122":{"start":{"line":313,"column":26},"end":{"line":313,"column":58}},"123":{"start":{"line":314,"column":8},"end":{"line":314,"column":42}},"124":{"start":{"line":316,"column":8},"end":{"line":318,"column":9}},"125":{"start":{"line":317,"column":10},"end":{"line":317,"column":49}},"126":{"start":{"line":320,"column":8},"end":{"line":322,"column":9}},"127":{"start":{"line":321,"column":10},"end":{"line":321,"column":53}},"128":{"start":{"line":324,"column":8},"end":{"line":326,"column":9}},"129":{"start":{"line":325,"column":10},"end":{"line":325,"column":59}},"130":{"start":{"line":328,"column":25},"end":{"line":328,"column":88}},"131":{"start":{"line":331,"column":45},"end":{"line":339,"column":9}},"132":{"start":{"line":342,"column":8},"end":{"line":345,"column":11}},"133":{"start":{"line":348,"column":33},"end":{"line":348,"column":71}},"134":{"start":{"line":349,"column":8},"end":{"line":349,"column":57}},"135":{"start":{"line":352,"column":8},"end":{"line":352,"column":63}},"136":{"start":{"line":355,"column":6},"end":{"line":355,"column":61}},"137":{"start":{"line":357,"column":6},"end":{"line":357,"column":57}},"138":{"start":{"line":358,"column":6},"end":{"line":358,"column":18}},"139":{"start":{"line":363,"column":4},"end":{"line":409,"column":5}},"140":{"start":{"line":364,"column":19},"end":{"line":364,"column":53}},"141":{"start":{"line":365,"column":6},"end":{"line":365,"column":59}},"142":{"start":{"line":365,"column":17},"end":{"line":365,"column":59}},"143":{"start":{"line":367,"column":27},"end":{"line":367,"column":61}},"144":{"start":{"line":368,"column":31},"end":{"line":368,"column":69}},"145":{"start":{"line":370,"column":6},"end":{"line":403,"column":9}},"146":{"start":{"line":371,"column":49},"end":{"line":374,"column":10}},"147":{"start":{"line":376,"column":8},"end":{"line":378,"column":9}},"148":{"start":{"line":377,"column":10},"end":{"line":377,"column":49}},"149":{"start":{"line":380,"column":26},"end":{"line":380,"column":58}},"150":{"start":{"line":381,"column":30},"end":{"line":381,"column":70}},"151":{"start":{"line":383,"column":8},"end":{"line":385,"column":9}},"152":{"start":{"line":384,"column":10},"end":{"line":384,"column":68}},"153":{"start":{"line":387,"column":8},"end":{"line":389,"column":9}},"154":{"start":{"line":388,"column":10},"end":{"line":388,"column":64}},"155":{"start":{"line":392,"column":8},"end":{"line":395,"column":11}},"156":{"start":{"line":393,"column":60},"end":{"line":393,"column":74}},"157":{"start":{"line":398,"column":8},"end":{"line":398,"column":45}},"158":{"start":{"line":401,"column":27},"end":{"line":401,"column":53}},"159":{"start":{"line":402,"column":8},"end":{"line":402,"column":63}},"160":{"start":{"line":405,"column":6},"end":{"line":405,"column":59}},"161":{"start":{"line":407,"column":6},"end":{"line":407,"column":58}},"162":{"start":{"line":408,"column":6},"end":{"line":408,"column":18}},"163":{"start":{"line":413,"column":4},"end":{"line":469,"column":5}},"164":{"start":{"line":414,"column":27},"end":{"line":414,"column":61}},"165":{"start":{"line":415,"column":32},"end":{"line":419,"column":7}},"166":{"start":{"line":421,"column":6},"end":{"line":465,"column":9}},"167":{"start":{"line":422,"column":55},"end":{"line":425,"column":10}},"168":{"start":{"line":427,"column":8},"end":{"line":429,"column":9}},"169":{"start":{"line":428,"column":10},"end":{"line":428,"column":49}},"170":{"start":{"line":431,"column":26},"end":{"line":431,"column":58}},"171":{"start":{"line":432,"column":38},"end":{"line":434,"column":79}},"172":{"start":{"line":433,"column":64},"end":{"line":433,"column":90}},"173":{"start":{"line":434,"column":61},"end":{"line":434,"column":78}},"174":{"start":{"line":436,"column":8},"end":{"line":452,"column":9}},"175":{"start":{"line":438,"column":10},"end":{"line":443,"column":11}},"176":{"start":{"line":439,"column":34},"end":{"line":439,"column":61}},"177":{"start":{"line":440,"column":31},"end":{"line":440,"column":57}},"178":{"start":{"line":441,"column":12},"end":{"line":441,"column":67}},"179":{"start":{"line":442,"column":12},"end":{"line":442,"column":65}},"180":{"start":{"line":446,"column":25},"end":{"line":446,"column":87}},"181":{"start":{"line":447,"column":10},"end":{"line":451,"column":11}},"182":{"start":{"line":448,"column":28},"end":{"line":448,"column":100}},"183":{"start":{"line":449,"column":31},"end":{"line":449,"column":67}},"184":{"start":{"line":450,"column":12},"end":{"line":450,"column":58}},"185":{"start":{"line":455,"column":8},"end":{"line":455,"column":66}},"186":{"start":{"line":456,"column":8},"end":{"line":458,"column":11}},"187":{"start":{"line":457,"column":10},"end":{"line":457,"column":63}},"188":{"start":{"line":460,"column":8},"end":{"line":464,"column":11}},"189":{"start":{"line":467,"column":6},"end":{"line":467,"column":69}},"190":{"start":{"line":468,"column":6},"end":{"line":468,"column":18}},"191":{"start":{"line":473,"column":4},"end":{"line":488,"column":5}},"192":{"start":{"line":474,"column":31},"end":{"line":474,"column":84}},"193":{"start":{"line":475,"column":31},"end":{"line":475,"column":61}},"194":{"start":{"line":477,"column":6},"end":{"line":479,"column":7}},"195":{"start":{"line":478,"column":8},"end":{"line":478,"column":20}},"196":{"start":{"line":481,"column":6},"end":{"line":484,"column":8}},"197":{"start":{"line":486,"column":6},"end":{"line":486,"column":60}},"198":{"start":{"line":487,"column":6},"end":{"line":487,"column":18}},"199":{"start":{"line":492,"column":24},"end":{"line":492,"column":58}},"200":{"start":{"line":493,"column":4},"end":{"line":495,"column":5}},"201":{"start":{"line":494,"column":6},"end":{"line":494,"column":48}},"202":{"start":{"line":497,"column":16},"end":{"line":497,"column":40}},"203":{"start":{"line":498,"column":45},"end":{"line":508,"column":5}},"204":{"start":{"line":510,"column":19},"end":{"line":510,"column":65}},"205":{"start":{"line":511,"column":4},"end":{"line":514,"column":6}},"206":{"start":{"line":518,"column":16},"end":{"line":518,"column":70}},"207":{"start":{"line":519,"column":4},"end":{"line":521,"column":5}},"208":{"start":{"line":520,"column":6},"end":{"line":520,"column":18}},"209":{"start":{"line":523,"column":4},"end":{"line":526,"column":6}},"210":{"start":{"line":530,"column":24},"end":{"line":530,"column":58}},"211":{"start":{"line":531,"column":4},"end":{"line":533,"column":5}},"212":{"start":{"line":532,"column":6},"end":{"line":532,"column":48}},"213":{"start":{"line":535,"column":22},"end":{"line":535,"column":58}},"214":{"start":{"line":536,"column":4},"end":{"line":538,"column":5}},"215":{"start":{"line":537,"column":6},"end":{"line":537,"column":45}},"216":{"start":{"line":540,"column":4},"end":{"line":542,"column":5}},"217":{"start":{"line":541,"column":6},"end":{"line":541,"column":40}},"218":{"start":{"line":544,"column":4},"end":{"line":547,"column":7}},"219":{"start":{"line":551,"column":21},"end":{"line":556,"column":12}},"220":{"start":{"line":558,"column":4},"end":{"line":561,"column":8}},"221":{"start":{"line":558,"column":37},"end":{"line":561,"column":5}},"222":{"start":{"line":566,"column":4},"end":{"line":568,"column":5}},"223":{"start":{"line":567,"column":6},"end":{"line":567,"column":49}},"224":{"start":{"line":569,"column":4},"end":{"line":569,"column":66}},"225":{"start":{"line":569,"column":51},"end":{"line":569,"column":64}},"226":{"start":{"line":570,"column":4},"end":{"line":570,"column":36}},"227":{"start":{"line":574,"column":32},"end":{"line":574,"column":62}}},"fnMap":{"0":{"name":"(anonymous_0)","decl":{"start":{"line":87,"column":2},"end":{"line":87,"column":3}},"loc":{"start":{"line":87,"column":24},"end":{"line":89,"column":3}},"line":87},"1":{"name":"(anonymous_1)","decl":{"start":{"line":91,"column":2},"end":{"line":91,"column":3}},"loc":{"start":{"line":91,"column":48},"end":{"line":96,"column":3}},"line":91},"2":{"name":"(anonymous_2)","decl":{"start":{"line":98,"column":2},"end":{"line":98,"column":3}},"loc":{"start":{"line":98,"column":46},"end":{"line":108,"column":3}},"line":98},"3":{"name":"(anonymous_3)","decl":{"start":{"line":103,"column":46},"end":{"line":103,"column":47}},"loc":{"start":{"line":103,"column":52},"end":{"line":107,"column":5}},"line":103},"4":{"name":"(anonymous_4)","decl":{"start":{"line":104,"column":47},"end":{"line":104,"column":48}},"loc":{"start":{"line":104,"column":56},"end":{"line":106,"column":7}},"line":104},"5":{"name":"(anonymous_5)","decl":{"start":{"line":110,"column":2},"end":{"line":110,"column":3}},"loc":{"start":{"line":110,"column":61},"end":{"line":117,"column":3}},"line":110},"6":{"name":"(anonymous_6)","decl":{"start":{"line":119,"column":2},"end":{"line":119,"column":3}},"loc":{"start":{"line":119,"column":49},"end":{"line":128,"column":3}},"line":119},"7":{"name":"(anonymous_7)","decl":{"start":{"line":130,"column":2},"end":{"line":130,"column":3}},"loc":{"start":{"line":130,"column":61},"end":{"line":140,"column":3}},"line":130},"8":{"name":"(anonymous_8)","decl":{"start":{"line":142,"column":2},"end":{"line":142,"column":3}},"loc":{"start":{"line":142,"column":56},"end":{"line":162,"column":3}},"line":142},"9":{"name":"(anonymous_9)","decl":{"start":{"line":164,"column":2},"end":{"line":164,"column":3}},"loc":{"start":{"line":164,"column":89},"end":{"line":191,"column":3}},"line":164},"10":{"name":"(anonymous_10)","decl":{"start":{"line":193,"column":2},"end":{"line":193,"column":3}},"loc":{"start":{"line":193,"column":54},"end":{"line":217,"column":3}},"line":193},"11":{"name":"(anonymous_11)","decl":{"start":{"line":205,"column":31},"end":{"line":205,"column":32}},"loc":{"start":{"line":205,"column":77},"end":{"line":212,"column":7}},"line":205},"12":{"name":"(anonymous_12)","decl":{"start":{"line":219,"column":2},"end":{"line":219,"column":3}},"loc":{"start":{"line":219,"column":55},"end":{"line":253,"column":3}},"line":219},"13":{"name":"(anonymous_13)","decl":{"start":{"line":237,"column":43},"end":{"line":237,"column":44}},"loc":{"start":{"line":237,"column":84},"end":{"line":240,"column":7}},"line":237},"14":{"name":"(anonymous_14)","decl":{"start":{"line":255,"column":2},"end":{"line":255,"column":3}},"loc":{"start":{"line":255,"column":67},"end":{"line":272,"column":3}},"line":255},"15":{"name":"(anonymous_15)","decl":{"start":{"line":264,"column":8},"end":{"line":264,"column":9}},"loc":{"start":{"line":264,"column":21},"end":{"line":264,"column":71}},"line":264},"16":{"name":"(anonymous_16)","decl":{"start":{"line":264,"column":42},"end":{"line":264,"column":43}},"loc":{"start":{"line":264,"column":48},"end":{"line":264,"column":70}},"line":264},"17":{"name":"(anonymous_17)","decl":{"start":{"line":274,"column":2},"end":{"line":274,"column":3}},"loc":{"start":{"line":274,"column":61},"end":{"line":299,"column":3}},"line":274},"18":{"name":"(anonymous_18)","decl":{"start":{"line":301,"column":2},"end":{"line":301,"column":3}},"loc":{"start":{"line":301,"column":58},"end":{"line":360,"column":3}},"line":301},"19":{"name":"(anonymous_19)","decl":{"start":{"line":309,"column":31},"end":{"line":309,"column":32}},"loc":{"start":{"line":309,"column":67},"end":{"line":353,"column":7}},"line":309},"20":{"name":"(anonymous_20)","decl":{"start":{"line":362,"column":2},"end":{"line":362,"column":3}},"loc":{"start":{"line":362,"column":59},"end":{"line":410,"column":3}},"line":362},"21":{"name":"(anonymous_21)","decl":{"start":{"line":370,"column":31},"end":{"line":370,"column":32}},"loc":{"start":{"line":370,"column":67},"end":{"line":403,"column":7}},"line":370},"22":{"name":"(anonymous_22)","decl":{"start":{"line":393,"column":54},"end":{"line":393,"column":55}},"loc":{"start":{"line":393,"column":60},"end":{"line":393,"column":74}},"line":393},"23":{"name":"(anonymous_23)","decl":{"start":{"line":412,"column":2},"end":{"line":412,"column":3}},"loc":{"start":{"line":412,"column":69},"end":{"line":470,"column":3}},"line":412},"24":{"name":"(anonymous_24)","decl":{"start":{"line":421,"column":31},"end":{"line":421,"column":32}},"loc":{"start":{"line":421,"column":67},"end":{"line":465,"column":7}},"line":421},"25":{"name":"(anonymous_25)","decl":{"start":{"line":433,"column":18},"end":{"line":433,"column":19}},"loc":{"start":{"line":433,"column":64},"end":{"line":433,"column":90}},"line":433},"26":{"name":"(anonymous_26)","decl":{"start":{"line":434,"column":15},"end":{"line":434,"column":16}},"loc":{"start":{"line":434,"column":61},"end":{"line":434,"column":78}},"line":434},"27":{"name":"(anonymous_27)","decl":{"start":{"line":456,"column":44},"end":{"line":456,"column":45}},"loc":{"start":{"line":456,"column":90},"end":{"line":458,"column":9}},"line":456},"28":{"name":"(anonymous_28)","decl":{"start":{"line":472,"column":2},"end":{"line":472,"column":3}},"loc":{"start":{"line":472,"column":93},"end":{"line":489,"column":3}},"line":472},"29":{"name":"(anonymous_29)","decl":{"start":{"line":491,"column":2},"end":{"line":491,"column":3}},"loc":{"start":{"line":491,"column":75},"end":{"line":515,"column":3}},"line":491},"30":{"name":"(anonymous_30)","decl":{"start":{"line":517,"column":2},"end":{"line":517,"column":3}},"loc":{"start":{"line":517,"column":69},"end":{"line":527,"column":3}},"line":517},"31":{"name":"(anonymous_31)","decl":{"start":{"line":529,"column":2},"end":{"line":529,"column":3}},"loc":{"start":{"line":529,"column":129},"end":{"line":548,"column":3}},"line":529},"32":{"name":"(anonymous_32)","decl":{"start":{"line":550,"column":2},"end":{"line":550,"column":3}},"loc":{"start":{"line":550,"column":70},"end":{"line":562,"column":3}},"line":550},"33":{"name":"(anonymous_33)","decl":{"start":{"line":558,"column":29},"end":{"line":558,"column":30}},"loc":{"start":{"line":558,"column":37},"end":{"line":561,"column":5}},"line":558},"34":{"name":"(anonymous_34)","decl":{"start":{"line":565,"column":2},"end":{"line":565,"column":3}},"loc":{"start":{"line":565,"column":18},"end":{"line":571,"column":3}},"line":565},"35":{"name":"(anonymous_35)","decl":{"start":{"line":569,"column":36},"end":{"line":569,"column":37}},"loc":{"start":{"line":569,"column":51},"end":{"line":569,"column":64}},"line":569}},"branchMap":{"0":{"loc":{"start":{"line":92,"column":4},"end":{"line":94,"column":5}},"type":"if","locations":[{"start":{"line":92,"column":4},"end":{"line":94,"column":5}},{"start":{},"end":{}}],"line":92},"1":{"loc":{"start":{"line":99,"column":4},"end":{"line":101,"column":5}},"type":"if","locations":[{"start":{"line":99,"column":4},"end":{"line":101,"column":5}},{"start":{},"end":{}}],"line":99},"2":{"loc":{"start":{"line":122,"column":6},"end":{"line":122,"column":59}},"type":"if","locations":[{"start":{"line":122,"column":6},"end":{"line":122,"column":59}},{"start":{},"end":{}}],"line":122},"3":{"loc":{"start":{"line":133,"column":6},"end":{"line":133,"column":59}},"type":"if","locations":[{"start":{"line":133,"column":6},"end":{"line":133,"column":59}},{"start":{},"end":{}}],"line":133},"4":{"loc":{"start":{"line":147,"column":4},"end":{"line":149,"column":5}},"type":"if","locations":[{"start":{"line":147,"column":4},"end":{"line":149,"column":5}},{"start":{},"end":{}}],"line":147},"5":{"loc":{"start":{"line":150,"column":4},"end":{"line":152,"column":5}},"type":"if","locations":[{"start":{"line":150,"column":4},"end":{"line":152,"column":5}},{"start":{},"end":{}}],"line":150},"6":{"loc":{"start":{"line":153,"column":4},"end":{"line":155,"column":5}},"type":"if","locations":[{"start":{"line":153,"column":4},"end":{"line":155,"column":5}},{"start":{},"end":{}}],"line":153},"7":{"loc":{"start":{"line":156,"column":4},"end":{"line":158,"column":5}},"type":"if","locations":[{"start":{"line":156,"column":4},"end":{"line":158,"column":5}},{"start":{},"end":{}}],"line":156},"8":{"loc":{"start":{"line":159,"column":4},"end":{"line":161,"column":5}},"type":"if","locations":[{"start":{"line":159,"column":4},"end":{"line":161,"column":5}},{"start":{},"end":{}}],"line":159},"9":{"loc":{"start":{"line":159,"column":8},"end":{"line":159,"column":50}},"type":"binary-expr","locations":[{"start":{"line":159,"column":8},"end":{"line":159,"column":24}},{"start":{"line":159,"column":28},"end":{"line":159,"column":50}}],"line":159},"10":{"loc":{"start":{"line":167,"column":6},"end":{"line":167,"column":32}},"type":"if","locations":[{"start":{"line":167,"column":6},"end":{"line":167,"column":32}},{"start":{},"end":{}}],"line":167},"11":{"loc":{"start":{"line":171,"column":6},"end":{"line":184,"column":7}},"type":"switch","locations":[{"start":{"line":172,"column":8},"end":{"line":174,"column":16}},{"start":{"line":175,"column":8},"end":{"line":177,"column":16}},{"start":{"line":178,"column":8},"end":{"line":179,"column":63}},{"start":{"line":180,"column":8},"end":{"line":181,"column":64}},{"start":{"line":182,"column":8},"end":{"line":183,"column":65}}],"line":171},"12":{"loc":{"start":{"line":196,"column":6},"end":{"line":196,"column":59}},"type":"if","locations":[{"start":{"line":196,"column":6},"end":{"line":196,"column":59}},{"start":{},"end":{}}],"line":196},"13":{"loc":{"start":{"line":210,"column":23},"end":{"line":210,"column":54}},"type":"binary-expr","locations":[{"start":{"line":210,"column":23},"end":{"line":210,"column":39}},{"start":{"line":210,"column":43},"end":{"line":210,"column":54}}],"line":210},"14":{"loc":{"start":{"line":223,"column":6},"end":{"line":228,"column":7}},"type":"if","locations":[{"start":{"line":223,"column":6},"end":{"line":228,"column":7}},{"start":{},"end":{}}],"line":223},"15":{"loc":{"start":{"line":225,"column":8},"end":{"line":227,"column":9}},"type":"if","locations":[{"start":{"line":225,"column":8},"end":{"line":227,"column":9}},{"start":{},"end":{}}],"line":225},"16":{"loc":{"start":{"line":281,"column":8},"end":{"line":281,"column":52}},"type":"if","locations":[{"start":{"line":281,"column":8},"end":{"line":281,"column":52}},{"start":{},"end":{}}],"line":281},"17":{"loc":{"start":{"line":282,"column":8},"end":{"line":286,"column":9}},"type":"if","locations":[{"start":{"line":282,"column":8},"end":{"line":286,"column":9}},{"start":{},"end":{}}],"line":282},"18":{"loc":{"start":{"line":304,"column":6},"end":{"line":304,"column":59}},"type":"if","locations":[{"start":{"line":304,"column":6},"end":{"line":304,"column":59}},{"start":{},"end":{}}],"line":304},"19":{"loc":{"start":{"line":311,"column":8},"end":{"line":311,"column":73}},"type":"if","locations":[{"start":{"line":311,"column":8},"end":{"line":311,"column":73}},{"start":{},"end":{}}],"line":311},"20":{"loc":{"start":{"line":316,"column":8},"end":{"line":318,"column":9}},"type":"if","locations":[{"start":{"line":316,"column":8},"end":{"line":318,"column":9}},{"start":{},"end":{}}],"line":316},"21":{"loc":{"start":{"line":320,"column":8},"end":{"line":322,"column":9}},"type":"if","locations":[{"start":{"line":320,"column":8},"end":{"line":322,"column":9}},{"start":{},"end":{}}],"line":320},"22":{"loc":{"start":{"line":324,"column":8},"end":{"line":326,"column":9}},"type":"if","locations":[{"start":{"line":324,"column":8},"end":{"line":326,"column":9}},{"start":{},"end":{}}],"line":324},"23":{"loc":{"start":{"line":333,"column":23},"end":{"line":333,"column":54}},"type":"binary-expr","locations":[{"start":{"line":333,"column":23},"end":{"line":333,"column":39}},{"start":{"line":333,"column":43},"end":{"line":333,"column":54}}],"line":333},"24":{"loc":{"start":{"line":365,"column":6},"end":{"line":365,"column":59}},"type":"if","locations":[{"start":{"line":365,"column":6},"end":{"line":365,"column":59}},{"start":{},"end":{}}],"line":365},"25":{"loc":{"start":{"line":376,"column":8},"end":{"line":378,"column":9}},"type":"if","locations":[{"start":{"line":376,"column":8},"end":{"line":378,"column":9}},{"start":{},"end":{}}],"line":376},"26":{"loc":{"start":{"line":376,"column":12},"end":{"line":376,"column":60}},"type":"binary-expr","locations":[{"start":{"line":376,"column":12},"end":{"line":376,"column":32}},{"start":{"line":376,"column":36},"end":{"line":376,"column":60}}],"line":376},"27":{"loc":{"start":{"line":383,"column":8},"end":{"line":385,"column":9}},"type":"if","locations":[{"start":{"line":383,"column":8},"end":{"line":385,"column":9}},{"start":{},"end":{}}],"line":383},"28":{"loc":{"start":{"line":387,"column":8},"end":{"line":389,"column":9}},"type":"if","locations":[{"start":{"line":387,"column":8},"end":{"line":389,"column":9}},{"start":{},"end":{}}],"line":387},"29":{"loc":{"start":{"line":427,"column":8},"end":{"line":429,"column":9}},"type":"if","locations":[{"start":{"line":427,"column":8},"end":{"line":429,"column":9}},{"start":{},"end":{}}],"line":427},"30":{"loc":{"start":{"line":436,"column":8},"end":{"line":452,"column":9}},"type":"if","locations":[{"start":{"line":436,"column":8},"end":{"line":452,"column":9}},{"start":{"line":444,"column":15},"end":{"line":452,"column":9}}],"line":436},"31":{"loc":{"start":{"line":449,"column":31},"end":{"line":449,"column":67}},"type":"binary-expr","locations":[{"start":{"line":449,"column":31},"end":{"line":449,"column":62}},{"start":{"line":449,"column":66},"end":{"line":449,"column":67}}],"line":449},"32":{"loc":{"start":{"line":477,"column":6},"end":{"line":479,"column":7}},"type":"if","locations":[{"start":{"line":477,"column":6},"end":{"line":479,"column":7}},{"start":{},"end":{}}],"line":477},"33":{"loc":{"start":{"line":493,"column":4},"end":{"line":495,"column":5}},"type":"if","locations":[{"start":{"line":493,"column":4},"end":{"line":495,"column":5}},{"start":{},"end":{}}],"line":493},"34":{"loc":{"start":{"line":503,"column":15},"end":{"line":503,"column":37}},"type":"binary-expr","locations":[{"start":{"line":503,"column":15},"end":{"line":503,"column":29}},{"start":{"line":503,"column":33},"end":{"line":503,"column":37}}],"line":503},"35":{"loc":{"start":{"line":519,"column":4},"end":{"line":521,"column":5}},"type":"if","locations":[{"start":{"line":519,"column":4},"end":{"line":521,"column":5}},{"start":{},"end":{}}],"line":519},"36":{"loc":{"start":{"line":531,"column":4},"end":{"line":533,"column":5}},"type":"if","locations":[{"start":{"line":531,"column":4},"end":{"line":533,"column":5}},{"start":{},"end":{}}],"line":531},"37":{"loc":{"start":{"line":536,"column":4},"end":{"line":538,"column":5}},"type":"if","locations":[{"start":{"line":536,"column":4},"end":{"line":538,"column":5}},{"start":{},"end":{}}],"line":536},"38":{"loc":{"start":{"line":540,"column":4},"end":{"line":542,"column":5}},"type":"if","locations":[{"start":{"line":540,"column":4},"end":{"line":542,"column":5}},{"start":{},"end":{}}],"line":540},"39":{"loc":{"start":{"line":550,"column":28},"end":{"line":550,"column":46}},"type":"default-arg","locations":[{"start":{"line":550,"column":44},"end":{"line":550,"column":46}}],"line":550},"40":{"loc":{"start":{"line":566,"column":4},"end":{"line":568,"column":5}},"type":"if","locations":[{"start":{"line":566,"column":4},"end":{"line":568,"column":5}},{"start":{},"end":{}}],"line":566}},"s":{"0":0,"1":0,"2":0,"3":0,"4":0,"5":0,"6":0,"7":0,"8":0,"9":0,"10":0,"11":0,"12":0,"13":0,"14":0,"15":0,"16":0,"17":0,"18":0,"19":0,"20":0,"21":0,"22":0,"23":0,"24":0,"25":0,"26":0,"27":0,"28":0,"29":0,"30":0,"31":0,"32":0,"33":0,"34":0,"35":0,"36":0,"37":0,"38":0,"39":0,"40":0,"41":0,"42":0,"43":0,"44":0,"45":0,"46":0,"47":0,"48":0,"49":0,"50":0,"51":0,"52":0,"53":0,"54":0,"55":0,"56":0,"57":0,"58":0,"59":0,"60":0,"61":0,"62":0,"63":0,"64":0,"65":0,"66":0,"67":0,"68":0,"69":0,"70":0,"71":0,"72":0,"73":0,"74":0,"75":0,"76":0,"77":0,"78":0,"79":0,"80":0,"81":0,"82":0,"83":0,"84":0,"85":0,"86":0,"87":0,"88":0,"89":0,"90":0,"91":0,"92":0,"93":0,"94":0,"95":0,"96":0,"97":0,"98":0,"99":0,"100":0,"101":0,"102":0,"103":0,"104":0,"105":0,"106":0,"107":0,"108":0,"109":0,"110":0,"111":0,"112":0,"113":0,"114":0,"115":0,"116":0,"117":0,"118":0,"119":0,"120":0,"121":0,"122":0,"123":0,"124":0,"125":0,"126":0,"127":0,"128":0,"129":0,"130":0,"131":0,"132":0,"133":0,"134":0,"135":0,"136":0,"137":0,"138":0,"139":0,"140":0,"141":0,"142":0,"143":0,"144":0,"145":0,"146":0,"147":0,"148":0,"149":0,"150":0,"151":0,"152":0,"153":0,"154":0,"155":0,"156":0,"157":0,"158":0,"159":0,"160":0,"161":0,"162":0,"163":0,"164":0,"165":0,"166":0,"167":0,"168":0,"169":0,"170":0,"171":0,"172":0,"173":0,"174":0,"175":0,"176":0,"177":0,"178":0,"179":0,"180":0,"181":0,"182":0,"183":0,"184":0,"185":0,"186":0,"187":0,"188":0,"189":0,"190":0,"191":0,"192":0,"193":0,"194":0,"195":0,"196":0,"197":0,"198":0,"199":0,"200":0,"201":0,"202":0,"203":0,"204":0,"205":0,"206":0,"207":0,"208":0,"209":0,"210":0,"211":0,"212":0,"213":0,"214":0,"215":0,"216":0,"217":0,"218":0,"219":0,"220":0,"221":0,"222":0,"223":0,"224":0,"225":0,"226":0,"227":0},"f":{"0":0,"1":0,"2":0,"3":0,"4":0,"5":0,"6":0,"7":0,"8":0,"9":0,"10":0,"11":0,"12":0,"13":0,"14":0,"15":0,"16":0,"17":0,"18":0,"19":0,"20":0,"21":0,"22":0,"23":0,"24":0,"25":0,"26":0,"27":0,"28":0,"29":0,"30":0,"31":0,"32":0,"33":0,"34":0,"35":0},"b":{"0":[0,0],"1":[0,0],"2":[0,0],"3":[0,0],"4":[0,0],"5":[0,0],"6":[0,0],"7":[0,0],"8":[0,0],"9":[0,0],"10":[0,0],"11":[0,0,0,0,0],"12":[0,0],"13":[0,0],"14":[0,0],"15":[0,0],"16":[0,0],"17":[0,0],"18":[0,0],"19":[0,0],"20":[0,0],"21":[0,0],"22":[0,0],"23":[0,0],"24":[0,0],"25":[0,0],"26":[0,0],"27":[0,0],"28":[0,0],"29":[0,0],"30":[0,0],"31":[0,0],"32":[0,0],"33":[0,0],"34":[0,0],"35":[0,0],"36":[0,0],"37":[0,0],"38":[0,0],"39":[0],"40":[0,0]}}
,"/Users/dishankchauhan/accountability-app/services/fitbitService.ts": {"path":"/Users/dishankchauhan/accountability-app/services/fitbitService.ts","statementMap":{"0":{"start":{"line":5,"column":25},"end":{"line":5,"column":48}},"1":{"start":{"line":6,"column":29},"end":{"line":6,"column":56}},"2":{"start":{"line":8,"column":15},"end":{"line":18,"column":1}},"3":{"start":{"line":35,"column":40},"end":{"line":35,"column":44}},"4":{"start":{"line":38,"column":4},"end":{"line":38,"column":22}},"5":{"start":{"line":42,"column":4},"end":{"line":44,"column":5}},"6":{"start":{"line":43,"column":6},"end":{"line":43,"column":51}},"7":{"start":{"line":45,"column":4},"end":{"line":45,"column":34}},"8":{"start":{"line":49,"column":4},"end":{"line":57,"column":5}},"9":{"start":{"line":50,"column":24},"end":{"line":50,"column":67}},"10":{"start":{"line":51,"column":6},"end":{"line":53,"column":7}},"11":{"start":{"line":52,"column":8},"end":{"line":52,"column":44}},"12":{"start":{"line":55,"column":6},"end":{"line":55,"column":59}},"13":{"start":{"line":56,"column":6},"end":{"line":56,"column":46}},"14":{"start":{"line":61,"column":4},"end":{"line":67,"column":5}},"15":{"start":{"line":62,"column":6},"end":{"line":62,"column":74}},"16":{"start":{"line":63,"column":6},"end":{"line":63,"column":27}},"17":{"start":{"line":65,"column":6},"end":{"line":65,"column":58}},"18":{"start":{"line":66,"column":6},"end":{"line":66,"column":46}},"19":{"start":{"line":71,"column":4},"end":{"line":83,"column":5}},"20":{"start":{"line":72,"column":21},"end":{"line":72,"column":44}},"21":{"start":{"line":73,"column":6},"end":{"line":77,"column":9}},"22":{"start":{"line":78,"column":6},"end":{"line":78,"column":18}},"23":{"start":{"line":80,"column":6},"end":{"line":80,"column":58}},"24":{"start":{"line":81,"column":6},"end":{"line":81,"column":46}},"25":{"start":{"line":82,"column":6},"end":{"line":82,"column":19}},"26":{"start":{"line":87,"column":4},"end":{"line":87,"column":35}},"27":{"start":{"line":87,"column":22},"end":{"line":87,"column":35}},"28":{"start":{"line":89,"column":27},"end":{"line":89,"column":63}},"29":{"start":{"line":90,"column":4},"end":{"line":90,"column":49}},"30":{"start":{"line":90,"column":37},"end":{"line":90,"column":49}},"31":{"start":{"line":92,"column":4},"end":{"line":111,"column":5}},"32":{"start":{"line":93,"column":21},"end":{"line":99,"column":8}},"33":{"start":{"line":101,"column":6},"end":{"line":105,"column":9}},"34":{"start":{"line":106,"column":6},"end":{"line":106,"column":18}},"35":{"start":{"line":108,"column":6},"end":{"line":108,"column":58}},"36":{"start":{"line":109,"column":6},"end":{"line":109,"column":46}},"37":{"start":{"line":110,"column":6},"end":{"line":110,"column":19}},"38":{"start":{"line":115,"column":4},"end":{"line":117,"column":5}},"39":{"start":{"line":116,"column":6},"end":{"line":116,"column":55}},"40":{"start":{"line":119,"column":21},"end":{"line":123,"column":6}},"41":{"start":{"line":125,"column":4},"end":{"line":127,"column":5}},"42":{"start":{"line":126,"column":6},"end":{"line":126,"column":66}},"43":{"start":{"line":129,"column":4},"end":{"line":129,"column":27}},"44":{"start":{"line":133,"column":4},"end":{"line":150,"column":5}},"45":{"start":{"line":134,"column":41},"end":{"line":138,"column":8}},"46":{"start":{"line":140,"column":6},"end":{"line":145,"column":8}},"47":{"start":{"line":147,"column":6},"end":{"line":147,"column":65}},"48":{"start":{"line":148,"column":6},"end":{"line":148,"column":46}},"49":{"start":{"line":149,"column":6},"end":{"line":149,"column":18}},"50":{"start":{"line":154,"column":4},"end":{"line":154,"column":70}},"51":{"start":{"line":158,"column":4},"end":{"line":158,"column":23}},"52":{"start":{"line":159,"column":4},"end":{"line":159,"column":51}},"53":{"start":{"line":163,"column":29},"end":{"line":163,"column":56}}},"fnMap":{"0":{"name":"(anonymous_0)","decl":{"start":{"line":37,"column":2},"end":{"line":37,"column":3}},"loc":{"start":{"line":37,"column":24},"end":{"line":39,"column":3}},"line":37},"1":{"name":"(anonymous_1)","decl":{"start":{"line":41,"column":2},"end":{"line":41,"column":3}},"loc":{"start":{"line":41,"column":38},"end":{"line":46,"column":3}},"line":41},"2":{"name":"(anonymous_2)","decl":{"start":{"line":48,"column":2},"end":{"line":48,"column":3}},"loc":{"start":{"line":48,"column":29},"end":{"line":58,"column":3}},"line":48},"3":{"name":"(anonymous_3)","decl":{"start":{"line":60,"column":2},"end":{"line":60,"column":3}},"loc":{"start":{"line":60,"column":49},"end":{"line":68,"column":3}},"line":60},"4":{"name":"(anonymous_4)","decl":{"start":{"line":70,"column":2},"end":{"line":70,"column":3}},"loc":{"start":{"line":70,"column":38},"end":{"line":84,"column":3}},"line":70},"5":{"name":"(anonymous_5)","decl":{"start":{"line":86,"column":2},"end":{"line":86,"column":3}},"loc":{"start":{"line":86,"column":50},"end":{"line":112,"column":3}},"line":86},"6":{"name":"(anonymous_6)","decl":{"start":{"line":114,"column":2},"end":{"line":114,"column":3}},"loc":{"start":{"line":114,"column":64},"end":{"line":130,"column":3}},"line":114},"7":{"name":"(anonymous_7)","decl":{"start":{"line":132,"column":2},"end":{"line":132,"column":3}},"loc":{"start":{"line":132,"column":85},"end":{"line":151,"column":3}},"line":132},"8":{"name":"(anonymous_8)","decl":{"start":{"line":153,"column":2},"end":{"line":153,"column":3}},"loc":{"start":{"line":153,"column":44},"end":{"line":155,"column":3}},"line":153},"9":{"name":"(anonymous_9)","decl":{"start":{"line":157,"column":2},"end":{"line":157,"column":3}},"loc":{"start":{"line":157,"column":32},"end":{"line":160,"column":3}},"line":157}},"branchMap":{"0":{"loc":{"start":{"line":42,"column":4},"end":{"line":44,"column":5}},"type":"if","locations":[{"start":{"line":42,"column":4},"end":{"line":44,"column":5}},{"start":{},"end":{}}],"line":42},"1":{"loc":{"start":{"line":51,"column":6},"end":{"line":53,"column":7}},"type":"if","locations":[{"start":{"line":51,"column":6},"end":{"line":53,"column":7}},{"start":{},"end":{}}],"line":51},"2":{"loc":{"start":{"line":87,"column":4},"end":{"line":87,"column":35}},"type":"if","locations":[{"start":{"line":87,"column":4},"end":{"line":87,"column":35}},{"start":{},"end":{}}],"line":87},"3":{"loc":{"start":{"line":90,"column":4},"end":{"line":90,"column":49}},"type":"if","locations":[{"start":{"line":90,"column":4},"end":{"line":90,"column":49}},{"start":{},"end":{}}],"line":90},"4":{"loc":{"start":{"line":115,"column":4},"end":{"line":117,"column":5}},"type":"if","locations":[{"start":{"line":115,"column":4},"end":{"line":117,"column":5}},{"start":{},"end":{}}],"line":115},"5":{"loc":{"start":{"line":115,"column":8},"end":{"line":115,"column":61}},"type":"binary-expr","locations":[{"start":{"line":115,"column":8},"end":{"line":115,"column":20}},{"start":{"line":115,"column":24},"end":{"line":115,"column":61}}],"line":115},"6":{"loc":{"start":{"line":125,"column":4},"end":{"line":127,"column":5}},"type":"if","locations":[{"start":{"line":125,"column":4},"end":{"line":127,"column":5}},{"start":{},"end":{}}],"line":125},"7":{"loc":{"start":{"line":141,"column":15},"end":{"line":141,"column":44}},"type":"binary-expr","locations":[{"start":{"line":141,"column":15},"end":{"line":141,"column":39}},{"start":{"line":141,"column":43},"end":{"line":141,"column":44}}],"line":141},"8":{"loc":{"start":{"line":142,"column":23},"end":{"line":142,"column":64}},"type":"binary-expr","locations":[{"start":{"line":142,"column":23},"end":{"line":142,"column":59}},{"start":{"line":142,"column":63},"end":{"line":142,"column":64}}],"line":142},"9":{"loc":{"start":{"line":143,"column":19},"end":{"line":143,"column":74}},"type":"binary-expr","locations":[{"start":{"line":143,"column":19},"end":{"line":143,"column":69}},{"start":{"line":143,"column":73},"end":{"line":143,"column":74}}],"line":143},"10":{"loc":{"start":{"line":144,"column":20},"end":{"line":144,"column":58}},"type":"binary-expr","locations":[{"start":{"line":144,"column":20},"end":{"line":144,"column":53}},{"start":{"line":144,"column":57},"end":{"line":144,"column":58}}],"line":144},"11":{"loc":{"start":{"line":154,"column":11},"end":{"line":154,"column":69}},"type":"binary-expr","locations":[{"start":{"line":154,"column":11},"end":{"line":154,"column":31}},{"start":{"line":154,"column":35},"end":{"line":154,"column":69}}],"line":154}},"s":{"0":2,"1":2,"2":2,"3":2,"4":2,"5":2,"6":2,"7":2,"8":2,"9":2,"10":2,"11":0,"12":0,"13":0,"14":1,"15":1,"16":1,"17":0,"18":0,"19":2,"20":2,"21":1,"22":1,"23":1,"24":1,"25":0,"26":9,"27":0,"28":9,"29":9,"30":9,"31":0,"32":0,"33":0,"34":0,"35":0,"36":0,"37":0,"38":6,"39":0,"40":6,"41":6,"42":3,"43":3,"44":2,"45":2,"46":1,"47":2,"48":2,"49":0,"50":0,"51":0,"52":0,"53":2},"f":{"0":2,"1":2,"2":2,"3":1,"4":2,"5":9,"6":6,"7":2,"8":0,"9":0},"b":{"0":[2,0],"1":[0,2],"2":[0,9],"3":[9,0],"4":[0,6],"5":[6,6],"6":[3,3],"7":[1,0],"8":[0,0],"9":[0,0],"10":[0,0],"11":[0,0]},"_coverageSchema":"1a1c01bbd47fc00a2c39e90264f33305004495a9","hash":"2072f65ba2500dc05bd7ed02c426fb43db6436ae"}
,"/Users/dishankchauhan/accountability-app/services/groupService.ts": {"path":"/Users/dishankchauhan/accountability-app/services/groupService.ts","statementMap":{"0":{"start":{"line":12,"column":4},"end":{"line":14,"column":5}},"1":{"start":{"line":13,"column":6},"end":{"line":13,"column":49}},"2":{"start":{"line":15,"column":4},"end":{"line":15,"column":33}},"3":{"start":{"line":20,"column":4},"end":{"line":41,"column":5}},"4":{"start":{"line":21,"column":19},"end":{"line":21,"column":53}},"5":{"start":{"line":22,"column":6},"end":{"line":22,"column":59}},"6":{"start":{"line":22,"column":17},"end":{"line":22,"column":59}},"7":{"start":{"line":24,"column":52},"end":{"line":33,"column":7}},"8":{"start":{"line":35,"column":23},"end":{"line":35,"column":76}},"9":{"start":{"line":36,"column":6},"end":{"line":36,"column":47}},"10":{"start":{"line":38,"column":6},"end":{"line":38,"column":52}},"11":{"start":{"line":39,"column":6},"end":{"line":39,"column":46}},"12":{"start":{"line":40,"column":6},"end":{"line":40,"column":18}},"13":{"start":{"line":45,"column":4},"end":{"line":53,"column":5}},"14":{"start":{"line":46,"column":23},"end":{"line":46,"column":80}},"15":{"start":{"line":47,"column":6},"end":{"line":47,"column":40}},"16":{"start":{"line":47,"column":28},"end":{"line":47,"column":40}},"17":{"start":{"line":48,"column":6},"end":{"line":48,"column":71}},"18":{"start":{"line":50,"column":6},"end":{"line":50,"column":51}},"19":{"start":{"line":51,"column":6},"end":{"line":51,"column":46}},"20":{"start":{"line":52,"column":6},"end":{"line":52,"column":18}},"21":{"start":{"line":57,"column":4},"end":{"line":73,"column":5}},"22":{"start":{"line":58,"column":19},"end":{"line":58,"column":53}},"23":{"start":{"line":59,"column":6},"end":{"line":59,"column":59}},"24":{"start":{"line":59,"column":17},"end":{"line":59,"column":59}},"25":{"start":{"line":61,"column":20},"end":{"line":61,"column":48}},"26":{"start":{"line":62,"column":6},"end":{"line":62,"column":53}},"27":{"start":{"line":62,"column":18},"end":{"line":62,"column":53}},"28":{"start":{"line":63,"column":6},"end":{"line":63,"column":77}},"29":{"start":{"line":63,"column":43},"end":{"line":63,"column":77}},"30":{"start":{"line":65,"column":6},"end":{"line":68,"column":9}},"31":{"start":{"line":70,"column":6},"end":{"line":70,"column":52}},"32":{"start":{"line":71,"column":6},"end":{"line":71,"column":46}},"33":{"start":{"line":72,"column":6},"end":{"line":72,"column":18}},"34":{"start":{"line":78,"column":4},"end":{"line":101,"column":5}},"35":{"start":{"line":79,"column":19},"end":{"line":79,"column":53}},"36":{"start":{"line":80,"column":6},"end":{"line":80,"column":59}},"37":{"start":{"line":80,"column":17},"end":{"line":80,"column":59}},"38":{"start":{"line":82,"column":20},"end":{"line":82,"column":48}},"39":{"start":{"line":83,"column":6},"end":{"line":83,"column":53}},"40":{"start":{"line":83,"column":18},"end":{"line":83,"column":53}},"41":{"start":{"line":84,"column":6},"end":{"line":84,"column":77}},"42":{"start":{"line":84,"column":43},"end":{"line":84,"column":77}},"43":{"start":{"line":86,"column":50},"end":{"line":94,"column":7}},"44":{"start":{"line":96,"column":6},"end":{"line":96,"column":58}},"45":{"start":{"line":98,"column":6},"end":{"line":98,"column":55}},"46":{"start":{"line":99,"column":6},"end":{"line":99,"column":46}},"47":{"start":{"line":100,"column":6},"end":{"line":100,"column":18}},"48":{"start":{"line":105,"column":4},"end":{"line":135,"column":5}},"49":{"start":{"line":106,"column":19},"end":{"line":106,"column":53}},"50":{"start":{"line":107,"column":6},"end":{"line":107,"column":59}},"51":{"start":{"line":107,"column":17},"end":{"line":107,"column":59}},"52":{"start":{"line":109,"column":24},"end":{"line":109,"column":71}},"53":{"start":{"line":110,"column":21},"end":{"line":110,"column":70}},"54":{"start":{"line":112,"column":6},"end":{"line":112,"column":87}},"55":{"start":{"line":112,"column":53},"end":{"line":112,"column":87}},"56":{"start":{"line":113,"column":6},"end":{"line":113,"column":85}},"57":{"start":{"line":113,"column":51},"end":{"line":113,"column":85}},"58":{"start":{"line":115,"column":6},"end":{"line":130,"column":9}},"59":{"start":{"line":116,"column":8},"end":{"line":124,"column":9}},"60":{"start":{"line":117,"column":27},"end":{"line":117,"column":79}},"61":{"start":{"line":118,"column":24},"end":{"line":118,"column":82}},"62":{"start":{"line":120,"column":10},"end":{"line":123,"column":13}},"63":{"start":{"line":126,"column":8},"end":{"line":129,"column":11}},"64":{"start":{"line":132,"column":6},"end":{"line":132,"column":58}},"65":{"start":{"line":133,"column":6},"end":{"line":133,"column":46}},"66":{"start":{"line":134,"column":6},"end":{"line":134,"column":18}},"67":{"start":{"line":140,"column":4},"end":{"line":160,"column":5}},"68":{"start":{"line":141,"column":19},"end":{"line":141,"column":53}},"69":{"start":{"line":142,"column":6},"end":{"line":142,"column":59}},"70":{"start":{"line":142,"column":17},"end":{"line":142,"column":59}},"71":{"start":{"line":144,"column":52},"end":{"line":152,"column":7}},"72":{"start":{"line":154,"column":25},"end":{"line":154,"column":78}},"73":{"start":{"line":155,"column":6},"end":{"line":155,"column":47}},"74":{"start":{"line":157,"column":6},"end":{"line":157,"column":52}},"75":{"start":{"line":158,"column":6},"end":{"line":158,"column":46}},"76":{"start":{"line":159,"column":6},"end":{"line":159,"column":18}},"77":{"start":{"line":164,"column":4},"end":{"line":180,"column":5}},"78":{"start":{"line":165,"column":19},"end":{"line":165,"column":53}},"79":{"start":{"line":166,"column":6},"end":{"line":166,"column":59}},"80":{"start":{"line":166,"column":17},"end":{"line":166,"column":59}},"81":{"start":{"line":168,"column":25},"end":{"line":168,"column":74}},"82":{"start":{"line":169,"column":22},"end":{"line":169,"column":73}},"83":{"start":{"line":171,"column":20},"end":{"line":173,"column":37}},"84":{"start":{"line":172,"column":37},"end":{"line":172,"column":51}},"85":{"start":{"line":175,"column":6},"end":{"line":175,"column":41}},"86":{"start":{"line":177,"column":6},"end":{"line":177,"column":51}},"87":{"start":{"line":178,"column":6},"end":{"line":178,"column":46}},"88":{"start":{"line":179,"column":6},"end":{"line":179,"column":18}},"89":{"start":{"line":185,"column":4},"end":{"line":210,"column":5}},"90":{"start":{"line":186,"column":19},"end":{"line":186,"column":53}},"91":{"start":{"line":187,"column":6},"end":{"line":187,"column":59}},"92":{"start":{"line":187,"column":17},"end":{"line":187,"column":59}},"93":{"start":{"line":189,"column":20},"end":{"line":189,"column":48}},"94":{"start":{"line":190,"column":6},"end":{"line":190,"column":53}},"95":{"start":{"line":190,"column":18},"end":{"line":190,"column":53}},"96":{"start":{"line":191,"column":6},"end":{"line":191,"column":82}},"97":{"start":{"line":191,"column":44},"end":{"line":191,"column":82}},"98":{"start":{"line":193,"column":51},"end":{"line":202,"column":7}},"99":{"start":{"line":204,"column":27},"end":{"line":204,"column":88}},"100":{"start":{"line":205,"column":6},"end":{"line":205,"column":55}},"101":{"start":{"line":207,"column":6},"end":{"line":207,"column":62}},"102":{"start":{"line":208,"column":6},"end":{"line":208,"column":46}},"103":{"start":{"line":209,"column":6},"end":{"line":209,"column":18}},"104":{"start":{"line":214,"column":4},"end":{"line":229,"column":5}},"105":{"start":{"line":215,"column":33},"end":{"line":219,"column":14}},"106":{"start":{"line":221,"column":6},"end":{"line":224,"column":25}},"107":{"start":{"line":221,"column":49},"end":{"line":224,"column":7}},"108":{"start":{"line":226,"column":6},"end":{"line":226,"column":62}},"109":{"start":{"line":227,"column":6},"end":{"line":227,"column":46}},"110":{"start":{"line":228,"column":6},"end":{"line":228,"column":18}},"111":{"start":{"line":233,"column":28},"end":{"line":233,"column":54}}},"fnMap":{"0":{"name":"(anonymous_0)","decl":{"start":{"line":9,"column":2},"end":{"line":9,"column":3}},"loc":{"start":{"line":9,"column":24},"end":{"line":9,"column":26}},"line":9},"1":{"name":"(anonymous_1)","decl":{"start":{"line":11,"column":2},"end":{"line":11,"column":3}},"loc":{"start":{"line":11,"column":37},"end":{"line":16,"column":3}},"line":11},"2":{"name":"(anonymous_2)","decl":{"start":{"line":19,"column":2},"end":{"line":19,"column":3}},"loc":{"start":{"line":19,"column":113},"end":{"line":42,"column":3}},"line":19},"3":{"name":"(anonymous_3)","decl":{"start":{"line":44,"column":2},"end":{"line":44,"column":3}},"loc":{"start":{"line":44,"column":66},"end":{"line":54,"column":3}},"line":44},"4":{"name":"(anonymous_4)","decl":{"start":{"line":56,"column":2},"end":{"line":56,"column":3}},"loc":{"start":{"line":56,"column":86},"end":{"line":74,"column":3}},"line":56},"5":{"name":"(anonymous_5)","decl":{"start":{"line":77,"column":2},"end":{"line":77,"column":3}},"loc":{"start":{"line":77,"column":70},"end":{"line":102,"column":3}},"line":77},"6":{"name":"(anonymous_6)","decl":{"start":{"line":104,"column":2},"end":{"line":104,"column":3}},"loc":{"start":{"line":104,"column":74},"end":{"line":136,"column":3}},"line":104},"7":{"name":"(anonymous_7)","decl":{"start":{"line":115,"column":39},"end":{"line":115,"column":40}},"loc":{"start":{"line":115,"column":60},"end":{"line":130,"column":7}},"line":115},"8":{"name":"(anonymous_8)","decl":{"start":{"line":139,"column":2},"end":{"line":139,"column":3}},"loc":{"start":{"line":139,"column":103},"end":{"line":161,"column":3}},"line":139},"9":{"name":"(anonymous_9)","decl":{"start":{"line":163,"column":2},"end":{"line":163,"column":3}},"loc":{"start":{"line":163,"column":53},"end":{"line":181,"column":3}},"line":163},"10":{"name":"(anonymous_10)","decl":{"start":{"line":172,"column":31},"end":{"line":172,"column":32}},"loc":{"start":{"line":172,"column":37},"end":{"line":172,"column":51}},"line":172},"11":{"name":"(anonymous_11)","decl":{"start":{"line":184,"column":2},"end":{"line":184,"column":3}},"loc":{"start":{"line":184,"column":184},"end":{"line":211,"column":3}},"line":184},"12":{"name":"(anonymous_12)","decl":{"start":{"line":213,"column":2},"end":{"line":213,"column":3}},"loc":{"start":{"line":213,"column":66},"end":{"line":230,"column":3}},"line":213},"13":{"name":"(anonymous_13)","decl":{"start":{"line":221,"column":41},"end":{"line":221,"column":42}},"loc":{"start":{"line":221,"column":49},"end":{"line":224,"column":7}},"line":221}},"branchMap":{"0":{"loc":{"start":{"line":12,"column":4},"end":{"line":14,"column":5}},"type":"if","locations":[{"start":{"line":12,"column":4},"end":{"line":14,"column":5}},{"start":{},"end":{}}],"line":12},"1":{"loc":{"start":{"line":22,"column":6},"end":{"line":22,"column":59}},"type":"if","locations":[{"start":{"line":22,"column":6},"end":{"line":22,"column":59}},{"start":{},"end":{}}],"line":22},"2":{"loc":{"start":{"line":47,"column":6},"end":{"line":47,"column":40}},"type":"if","locations":[{"start":{"line":47,"column":6},"end":{"line":47,"column":40}},{"start":{},"end":{}}],"line":47},"3":{"loc":{"start":{"line":59,"column":6},"end":{"line":59,"column":59}},"type":"if","locations":[{"start":{"line":59,"column":6},"end":{"line":59,"column":59}},{"start":{},"end":{}}],"line":59},"4":{"loc":{"start":{"line":62,"column":6},"end":{"line":62,"column":53}},"type":"if","locations":[{"start":{"line":62,"column":6},"end":{"line":62,"column":53}},{"start":{},"end":{}}],"line":62},"5":{"loc":{"start":{"line":63,"column":6},"end":{"line":63,"column":77}},"type":"if","locations":[{"start":{"line":63,"column":6},"end":{"line":63,"column":77}},{"start":{},"end":{}}],"line":63},"6":{"loc":{"start":{"line":80,"column":6},"end":{"line":80,"column":59}},"type":"if","locations":[{"start":{"line":80,"column":6},"end":{"line":80,"column":59}},{"start":{},"end":{}}],"line":80},"7":{"loc":{"start":{"line":83,"column":6},"end":{"line":83,"column":53}},"type":"if","locations":[{"start":{"line":83,"column":6},"end":{"line":83,"column":53}},{"start":{},"end":{}}],"line":83},"8":{"loc":{"start":{"line":84,"column":6},"end":{"line":84,"column":77}},"type":"if","locations":[{"start":{"line":84,"column":6},"end":{"line":84,"column":77}},{"start":{},"end":{}}],"line":84},"9":{"loc":{"start":{"line":107,"column":6},"end":{"line":107,"column":59}},"type":"if","locations":[{"start":{"line":107,"column":6},"end":{"line":107,"column":59}},{"start":{},"end":{}}],"line":107},"10":{"loc":{"start":{"line":112,"column":6},"end":{"line":112,"column":87}},"type":"if","locations":[{"start":{"line":112,"column":6},"end":{"line":112,"column":87}},{"start":{},"end":{}}],"line":112},"11":{"loc":{"start":{"line":112,"column":10},"end":{"line":112,"column":51}},"type":"binary-expr","locations":[{"start":{"line":112,"column":10},"end":{"line":112,"column":17}},{"start":{"line":112,"column":21},"end":{"line":112,"column":51}}],"line":112},"12":{"loc":{"start":{"line":113,"column":6},"end":{"line":113,"column":85}},"type":"if","locations":[{"start":{"line":113,"column":6},"end":{"line":113,"column":85}},{"start":{},"end":{}}],"line":113},"13":{"loc":{"start":{"line":116,"column":8},"end":{"line":124,"column":9}},"type":"if","locations":[{"start":{"line":116,"column":8},"end":{"line":124,"column":9}},{"start":{},"end":{}}],"line":116},"14":{"loc":{"start":{"line":116,"column":12},"end":{"line":116,"column":36}},"type":"binary-expr","locations":[{"start":{"line":116,"column":12},"end":{"line":116,"column":18}},{"start":{"line":116,"column":22},"end":{"line":116,"column":36}}],"line":116},"15":{"loc":{"start":{"line":127,"column":18},"end":{"line":127,"column":50}},"type":"cond-expr","locations":[{"start":{"line":127,"column":27},"end":{"line":127,"column":37}},{"start":{"line":127,"column":40},"end":{"line":127,"column":50}}],"line":127},"16":{"loc":{"start":{"line":142,"column":6},"end":{"line":142,"column":59}},"type":"if","locations":[{"start":{"line":142,"column":6},"end":{"line":142,"column":59}},{"start":{},"end":{}}],"line":142},"17":{"loc":{"start":{"line":166,"column":6},"end":{"line":166,"column":59}},"type":"if","locations":[{"start":{"line":166,"column":6},"end":{"line":166,"column":59}},{"start":{},"end":{}}],"line":166},"18":{"loc":{"start":{"line":171,"column":20},"end":{"line":173,"column":37}},"type":"cond-expr","locations":[{"start":{"line":172,"column":10},"end":{"line":172,"column":52}},{"start":{"line":173,"column":10},"end":{"line":173,"column":37}}],"line":171},"19":{"loc":{"start":{"line":187,"column":6},"end":{"line":187,"column":59}},"type":"if","locations":[{"start":{"line":187,"column":6},"end":{"line":187,"column":59}},{"start":{},"end":{}}],"line":187},"20":{"loc":{"start":{"line":190,"column":6},"end":{"line":190,"column":53}},"type":"if","locations":[{"start":{"line":190,"column":6},"end":{"line":190,"column":53}},{"start":{},"end":{}}],"line":190},"21":{"loc":{"start":{"line":191,"column":6},"end":{"line":191,"column":82}},"type":"if","locations":[{"start":{"line":191,"column":6},"end":{"line":191,"column":82}},{"start":{},"end":{}}],"line":191}},"s":{"0":1,"1":1,"2":1,"3":2,"4":2,"5":2,"6":2,"7":0,"8":0,"9":0,"10":2,"11":2,"12":0,"13":2,"14":2,"15":2,"16":0,"17":2,"18":0,"19":0,"20":0,"21":2,"22":2,"23":2,"24":2,"25":0,"26":0,"27":0,"28":0,"29":0,"30":0,"31":2,"32":2,"33":0,"34":2,"35":2,"36":2,"37":2,"38":0,"39":0,"40":0,"41":0,"42":0,"43":0,"44":0,"45":2,"46":2,"47":0,"48":2,"49":2,"50":2,"51":2,"52":0,"53":0,"54":0,"55":0,"56":0,"57":0,"58":0,"59":0,"60":0,"61":0,"62":0,"63":0,"64":2,"65":2,"66":0,"67":0,"68":0,"69":0,"70":0,"71":0,"72":0,"73":0,"74":0,"75":0,"76":0,"77":0,"78":0,"79":0,"80":0,"81":0,"82":0,"83":0,"84":0,"85":0,"86":0,"87":0,"88":0,"89":0,"90":0,"91":0,"92":0,"93":0,"94":0,"95":0,"96":0,"97":0,"98":0,"99":0,"100":0,"101":0,"102":0,"103":0,"104":0,"105":0,"106":0,"107":0,"108":0,"109":0,"110":0,"111":1},"f":{"0":1,"1":1,"2":2,"3":2,"4":2,"5":2,"6":2,"7":0,"8":0,"9":0,"10":0,"11":0,"12":0,"13":0},"b":{"0":[1,0],"1":[2,0],"2":[0,2],"3":[2,0],"4":[0,0],"5":[0,0],"6":[2,0],"7":[0,0],"8":[0,0],"9":[2,0],"10":[0,0],"11":[0,0],"12":[0,0],"13":[0,0],"14":[0,0],"15":[0,0],"16":[0,0],"17":[0,0],"18":[0,0],"19":[0,0],"20":[0,0],"21":[0,0]},"_coverageSchema":"1a1c01bbd47fc00a2c39e90264f33305004495a9","hash":"012eb453ec7b18758997381a94093e64a9e7bfe3"}
,"/Users/dishankchauhan/accountability-app/services/healthService.ts": {"path":"/Users/dishankchauhan/accountability-app/services/healthService.ts","statementMap":{"0":{"start":{"line":8,"column":29},"end":{"line":8,"column":43}},"1":{"start":{"line":9,"column":30},"end":{"line":9,"column":43}},"2":{"start":{"line":10,"column":21},"end":{"line":14,"column":1}},"3":{"start":{"line":26,"column":33},"end":{"line":26,"column":38}},"4":{"start":{"line":27,"column":36},"end":{"line":27,"column":40}},"5":{"start":{"line":28,"column":48},"end":{"line":28,"column":52}},"6":{"start":{"line":29,"column":38},"end":{"line":29,"column":70}},"7":{"start":{"line":30,"column":31},"end":{"line":30,"column":50}},"8":{"start":{"line":31,"column":31},"end":{"line":31,"column":50}},"9":{"start":{"line":34,"column":4},"end":{"line":34,"column":24}},"10":{"start":{"line":35,"column":4},"end":{"line":35,"column":29}},"11":{"start":{"line":39,"column":4},"end":{"line":41,"column":5}},"12":{"start":{"line":40,"column":6},"end":{"line":40,"column":51}},"13":{"start":{"line":42,"column":4},"end":{"line":42,"column":34}},"14":{"start":{"line":46,"column":4},"end":{"line":51,"column":5}},"15":{"start":{"line":47,"column":6},"end":{"line":47,"column":72}},"16":{"start":{"line":49,"column":6},"end":{"line":49,"column":61}},"17":{"start":{"line":50,"column":6},"end":{"line":50,"column":46}},"18":{"start":{"line":55,"column":4},"end":{"line":61,"column":5}},"19":{"start":{"line":56,"column":6},"end":{"line":56,"column":66}},"20":{"start":{"line":57,"column":6},"end":{"line":57,"column":31}},"21":{"start":{"line":59,"column":6},"end":{"line":59,"column":60}},"22":{"start":{"line":60,"column":6},"end":{"line":60,"column":46}},"23":{"start":{"line":65,"column":4},"end":{"line":67,"column":5}},"24":{"start":{"line":66,"column":6},"end":{"line":66,"column":39}},"25":{"start":{"line":68,"column":4},"end":{"line":79,"column":29}},"26":{"start":{"line":69,"column":6},"end":{"line":78,"column":7}},"27":{"start":{"line":70,"column":21},"end":{"line":70,"column":47}},"28":{"start":{"line":71,"column":8},"end":{"line":74,"column":9}},"29":{"start":{"line":72,"column":10},"end":{"line":72,"column":85}},"30":{"start":{"line":73,"column":10},"end":{"line":73,"column":84}},"31":{"start":{"line":76,"column":8},"end":{"line":76,"column":63}},"32":{"start":{"line":77,"column":8},"end":{"line":77,"column":48}},"33":{"start":{"line":83,"column":4},"end":{"line":116,"column":5}},"34":{"start":{"line":84,"column":6},"end":{"line":84,"column":40}},"35":{"start":{"line":84,"column":28},"end":{"line":84,"column":40}},"36":{"start":{"line":87,"column":6},"end":{"line":101,"column":7}},"37":{"start":{"line":88,"column":37},"end":{"line":88,"column":87}},"38":{"start":{"line":89,"column":8},"end":{"line":93,"column":9}},"39":{"start":{"line":90,"column":10},"end":{"line":90,"column":47}},"40":{"start":{"line":91,"column":10},"end":{"line":91,"column":34}},"41":{"start":{"line":92,"column":10},"end":{"line":92,"column":22}},"42":{"start":{"line":94,"column":13},"end":{"line":101,"column":7}},"43":{"start":{"line":95,"column":41},"end":{"line":95,"column":89}},"44":{"start":{"line":96,"column":8},"end":{"line":100,"column":9}},"45":{"start":{"line":97,"column":10},"end":{"line":97,"column":51}},"46":{"start":{"line":98,"column":10},"end":{"line":98,"column":34}},"47":{"start":{"line":99,"column":10},"end":{"line":99,"column":22}},"48":{"start":{"line":104,"column":36},"end":{"line":104,"column":73}},"49":{"start":{"line":105,"column":6},"end":{"line":109,"column":7}},"50":{"start":{"line":106,"column":8},"end":{"line":106,"column":42}},"51":{"start":{"line":107,"column":8},"end":{"line":107,"column":32}},"52":{"start":{"line":108,"column":8},"end":{"line":108,"column":20}},"53":{"start":{"line":111,"column":6},"end":{"line":111,"column":19}},"54":{"start":{"line":113,"column":6},"end":{"line":113,"column":65}},"55":{"start":{"line":114,"column":6},"end":{"line":114,"column":46}},"56":{"start":{"line":115,"column":6},"end":{"line":115,"column":19}},"57":{"start":{"line":120,"column":4},"end":{"line":140,"column":5}},"58":{"start":{"line":121,"column":6},"end":{"line":124,"column":7}},"59":{"start":{"line":122,"column":28},"end":{"line":122,"column":51}},"60":{"start":{"line":123,"column":8},"end":{"line":123,"column":39}},"61":{"start":{"line":123,"column":26},"end":{"line":123,"column":39}},"62":{"start":{"line":126,"column":6},"end":{"line":135,"column":7}},"63":{"start":{"line":128,"column":10},"end":{"line":128,"column":84}},"64":{"start":{"line":130,"column":10},"end":{"line":130,"column":82}},"65":{"start":{"line":132,"column":10},"end":{"line":132,"column":49}},"66":{"start":{"line":134,"column":10},"end":{"line":134,"column":23}},"67":{"start":{"line":137,"column":6},"end":{"line":137,"column":67}},"68":{"start":{"line":138,"column":6},"end":{"line":138,"column":46}},"69":{"start":{"line":139,"column":6},"end":{"line":139,"column":19}},"70":{"start":{"line":144,"column":4},"end":{"line":207,"column":5}},"71":{"start":{"line":146,"column":25},"end":{"line":146,"column":77}},"72":{"start":{"line":147,"column":6},"end":{"line":152,"column":7}},"73":{"start":{"line":148,"column":23},"end":{"line":148,"column":45}},"74":{"start":{"line":149,"column":8},"end":{"line":151,"column":9}},"75":{"start":{"line":150,"column":10},"end":{"line":150,"column":24}},"76":{"start":{"line":154,"column":6},"end":{"line":157,"column":7}},"77":{"start":{"line":155,"column":28},"end":{"line":155,"column":51}},"78":{"start":{"line":156,"column":8},"end":{"line":156,"column":38}},"79":{"start":{"line":156,"column":26},"end":{"line":156,"column":38}},"80":{"start":{"line":159,"column":18},"end":{"line":159,"column":28}},"81":{"start":{"line":160,"column":24},"end":{"line":160,"column":51}},"82":{"start":{"line":162,"column":36},"end":{"line":162,"column":40}},"83":{"start":{"line":164,"column":6},"end":{"line":196,"column":7}},"84":{"start":{"line":166,"column":32},"end":{"line":166,"column":98}},"85":{"start":{"line":167,"column":10},"end":{"line":172,"column":11}},"86":{"start":{"line":168,"column":12},"end":{"line":171,"column":14}},"87":{"start":{"line":173,"column":10},"end":{"line":173,"column":16}},"88":{"start":{"line":176,"column":36},"end":{"line":176,"column":100}},"89":{"start":{"line":177,"column":10},"end":{"line":182,"column":11}},"90":{"start":{"line":178,"column":12},"end":{"line":181,"column":14}},"91":{"start":{"line":183,"column":10},"end":{"line":183,"column":16}},"92":{"start":{"line":186,"column":28},"end":{"line":186,"column":75}},"93":{"start":{"line":187,"column":26},"end":{"line":187,"column":67}},"94":{"start":{"line":188,"column":29},"end":{"line":188,"column":82}},"95":{"start":{"line":189,"column":10},"end":{"line":194,"column":11}},"96":{"start":{"line":190,"column":12},"end":{"line":193,"column":14}},"97":{"start":{"line":195,"column":10},"end":{"line":195,"column":16}},"98":{"start":{"line":198,"column":6},"end":{"line":200,"column":7}},"99":{"start":{"line":199,"column":8},"end":{"line":199,"column":83}},"100":{"start":{"line":202,"column":6},"end":{"line":202,"column":18}},"101":{"start":{"line":204,"column":6},"end":{"line":204,"column":57}},"102":{"start":{"line":205,"column":6},"end":{"line":205,"column":46}},"103":{"start":{"line":206,"column":6},"end":{"line":206,"column":18}},"104":{"start":{"line":211,"column":4},"end":{"line":240,"column":5}},"105":{"start":{"line":212,"column":20},"end":{"line":212,"column":25}},"106":{"start":{"line":214,"column":6},"end":{"line":228,"column":7}},"107":{"start":{"line":216,"column":10},"end":{"line":216,"column":50}},"108":{"start":{"line":216,"column":37},"end":{"line":216,"column":50}},"109":{"start":{"line":217,"column":10},"end":{"line":217,"column":80}},"110":{"start":{"line":218,"column":10},"end":{"line":218,"column":16}},"111":{"start":{"line":221,"column":10},"end":{"line":221,"column":54}},"112":{"start":{"line":221,"column":41},"end":{"line":221,"column":54}},"113":{"start":{"line":222,"column":10},"end":{"line":222,"column":78}},"114":{"start":{"line":223,"column":10},"end":{"line":223,"column":16}},"115":{"start":{"line":226,"column":10},"end":{"line":226,"column":52}},"116":{"start":{"line":227,"column":10},"end":{"line":227,"column":16}},"117":{"start":{"line":230,"column":6},"end":{"line":233,"column":7}},"118":{"start":{"line":231,"column":8},"end":{"line":231,"column":42}},"119":{"start":{"line":232,"column":8},"end":{"line":232,"column":20}},"120":{"start":{"line":235,"column":6},"end":{"line":235,"column":19}},"121":{"start":{"line":237,"column":6},"end":{"line":237,"column":62}},"122":{"start":{"line":238,"column":6},"end":{"line":238,"column":46}},"123":{"start":{"line":239,"column":6},"end":{"line":239,"column":19}},"124":{"start":{"line":244,"column":4},"end":{"line":244,"column":25}},"125":{"start":{"line":248,"column":4},"end":{"line":251,"column":5}},"126":{"start":{"line":249,"column":6},"end":{"line":249,"column":39}},"127":{"start":{"line":250,"column":6},"end":{"line":250,"column":31}},"128":{"start":{"line":255,"column":4},"end":{"line":280,"column":5}},"129":{"start":{"line":256,"column":26},"end":{"line":256,"column":48}},"130":{"start":{"line":257,"column":6},"end":{"line":259,"column":7}},"131":{"start":{"line":258,"column":8},"end":{"line":258,"column":50}},"132":{"start":{"line":261,"column":21},"end":{"line":261,"column":62}},"133":{"start":{"line":262,"column":18},"end":{"line":262,"column":36}},"134":{"start":{"line":264,"column":6},"end":{"line":270,"column":7}},"135":{"start":{"line":265,"column":29},"end":{"line":265,"column":63}},"136":{"start":{"line":266,"column":20},"end":{"line":266,"column":61}},"137":{"start":{"line":267,"column":8},"end":{"line":269,"column":9}},"138":{"start":{"line":268,"column":10},"end":{"line":268,"column":17}},"139":{"start":{"line":272,"column":25},"end":{"line":272,"column":51}},"140":{"start":{"line":273,"column":6},"end":{"line":276,"column":9}},"141":{"start":{"line":278,"column":6},"end":{"line":278,"column":58}},"142":{"start":{"line":279,"column":6},"end":{"line":279,"column":18}},"143":{"start":{"line":284,"column":29},"end":{"line":284,"column":56}}},"fnMap":{"0":{"name":"(anonymous_0)","decl":{"start":{"line":33,"column":2},"end":{"line":33,"column":3}},"loc":{"start":{"line":33,"column":24},"end":{"line":36,"column":3}},"line":33},"1":{"name":"(anonymous_1)","decl":{"start":{"line":38,"column":2},"end":{"line":38,"column":3}},"loc":{"start":{"line":38,"column":38},"end":{"line":43,"column":3}},"line":38},"2":{"name":"(anonymous_2)","decl":{"start":{"line":45,"column":2},"end":{"line":45,"column":3}},"loc":{"start":{"line":45,"column":31},"end":{"line":52,"column":3}},"line":45},"3":{"name":"(anonymous_3)","decl":{"start":{"line":54,"column":2},"end":{"line":54,"column":3}},"loc":{"start":{"line":54,"column":47},"end":{"line":62,"column":3}},"line":54},"4":{"name":"(anonymous_4)","decl":{"start":{"line":64,"column":2},"end":{"line":64,"column":3}},"loc":{"start":{"line":64,"column":30},"end":{"line":80,"column":3}},"line":64},"5":{"name":"(anonymous_5)","decl":{"start":{"line":68,"column":36},"end":{"line":68,"column":37}},"loc":{"start":{"line":68,"column":48},"end":{"line":79,"column":5}},"line":68},"6":{"name":"(anonymous_6)","decl":{"start":{"line":82,"column":2},"end":{"line":82,"column":3}},"loc":{"start":{"line":82,"column":39},"end":{"line":117,"column":3}},"line":82},"7":{"name":"(anonymous_7)","decl":{"start":{"line":119,"column":2},"end":{"line":119,"column":3}},"loc":{"start":{"line":119,"column":47},"end":{"line":141,"column":3}},"line":119},"8":{"name":"(anonymous_8)","decl":{"start":{"line":143,"column":2},"end":{"line":143,"column":3}},"loc":{"start":{"line":143,"column":52},"end":{"line":208,"column":3}},"line":143},"9":{"name":"(anonymous_9)","decl":{"start":{"line":210,"column":2},"end":{"line":210,"column":3}},"loc":{"start":{"line":210,"column":93},"end":{"line":241,"column":3}},"line":210},"10":{"name":"(anonymous_10)","decl":{"start":{"line":243,"column":2},"end":{"line":243,"column":3}},"loc":{"start":{"line":243,"column":31},"end":{"line":245,"column":3}},"line":243},"11":{"name":"(anonymous_11)","decl":{"start":{"line":247,"column":2},"end":{"line":247,"column":3}},"loc":{"start":{"line":247,"column":12},"end":{"line":252,"column":3}},"line":247},"12":{"name":"(anonymous_12)","decl":{"start":{"line":254,"column":2},"end":{"line":254,"column":3}},"loc":{"start":{"line":254,"column":40},"end":{"line":281,"column":3}},"line":254}},"branchMap":{"0":{"loc":{"start":{"line":39,"column":4},"end":{"line":41,"column":5}},"type":"if","locations":[{"start":{"line":39,"column":4},"end":{"line":41,"column":5}},{"start":{},"end":{}}],"line":39},"1":{"loc":{"start":{"line":65,"column":4},"end":{"line":67,"column":5}},"type":"if","locations":[{"start":{"line":65,"column":4},"end":{"line":67,"column":5}},{"start":{},"end":{}}],"line":65},"2":{"loc":{"start":{"line":71,"column":8},"end":{"line":74,"column":9}},"type":"if","locations":[{"start":{"line":71,"column":8},"end":{"line":74,"column":9}},{"start":{},"end":{}}],"line":71},"3":{"loc":{"start":{"line":84,"column":6},"end":{"line":84,"column":40}},"type":"if","locations":[{"start":{"line":84,"column":6},"end":{"line":84,"column":40}},{"start":{},"end":{}}],"line":84},"4":{"loc":{"start":{"line":87,"column":6},"end":{"line":101,"column":7}},"type":"if","locations":[{"start":{"line":87,"column":6},"end":{"line":101,"column":7}},{"start":{"line":94,"column":13},"end":{"line":101,"column":7}}],"line":87},"5":{"loc":{"start":{"line":89,"column":8},"end":{"line":93,"column":9}},"type":"if","locations":[{"start":{"line":89,"column":8},"end":{"line":93,"column":9}},{"start":{},"end":{}}],"line":89},"6":{"loc":{"start":{"line":94,"column":13},"end":{"line":101,"column":7}},"type":"if","locations":[{"start":{"line":94,"column":13},"end":{"line":101,"column":7}},{"start":{},"end":{}}],"line":94},"7":{"loc":{"start":{"line":96,"column":8},"end":{"line":100,"column":9}},"type":"if","locations":[{"start":{"line":96,"column":8},"end":{"line":100,"column":9}},{"start":{},"end":{}}],"line":96},"8":{"loc":{"start":{"line":105,"column":6},"end":{"line":109,"column":7}},"type":"if","locations":[{"start":{"line":105,"column":6},"end":{"line":109,"column":7}},{"start":{},"end":{}}],"line":105},"9":{"loc":{"start":{"line":121,"column":6},"end":{"line":124,"column":7}},"type":"if","locations":[{"start":{"line":121,"column":6},"end":{"line":124,"column":7}},{"start":{},"end":{}}],"line":121},"10":{"loc":{"start":{"line":123,"column":8},"end":{"line":123,"column":39}},"type":"if","locations":[{"start":{"line":123,"column":8},"end":{"line":123,"column":39}},{"start":{},"end":{}}],"line":123},"11":{"loc":{"start":{"line":126,"column":6},"end":{"line":135,"column":7}},"type":"switch","locations":[{"start":{"line":127,"column":8},"end":{"line":128,"column":84}},{"start":{"line":129,"column":8},"end":{"line":130,"column":82}},{"start":{"line":131,"column":8},"end":{"line":132,"column":49}},{"start":{"line":133,"column":8},"end":{"line":134,"column":23}}],"line":126},"12":{"loc":{"start":{"line":128,"column":17},"end":{"line":128,"column":83}},"type":"binary-expr","locations":[{"start":{"line":128,"column":17},"end":{"line":128,"column":74}},{"start":{"line":128,"column":78},"end":{"line":128,"column":83}}],"line":128},"13":{"loc":{"start":{"line":130,"column":17},"end":{"line":130,"column":81}},"type":"binary-expr","locations":[{"start":{"line":130,"column":17},"end":{"line":130,"column":72}},{"start":{"line":130,"column":76},"end":{"line":130,"column":81}}],"line":130},"14":{"loc":{"start":{"line":147,"column":6},"end":{"line":152,"column":7}},"type":"if","locations":[{"start":{"line":147,"column":6},"end":{"line":152,"column":7}},{"start":{},"end":{}}],"line":147},"15":{"loc":{"start":{"line":149,"column":8},"end":{"line":151,"column":9}},"type":"if","locations":[{"start":{"line":149,"column":8},"end":{"line":151,"column":9}},{"start":{},"end":{}}],"line":149},"16":{"loc":{"start":{"line":154,"column":6},"end":{"line":157,"column":7}},"type":"if","locations":[{"start":{"line":154,"column":6},"end":{"line":157,"column":7}},{"start":{},"end":{}}],"line":154},"17":{"loc":{"start":{"line":156,"column":8},"end":{"line":156,"column":38}},"type":"if","locations":[{"start":{"line":156,"column":8},"end":{"line":156,"column":38}},{"start":{},"end":{}}],"line":156},"18":{"loc":{"start":{"line":164,"column":6},"end":{"line":196,"column":7}},"type":"switch","locations":[{"start":{"line":165,"column":8},"end":{"line":173,"column":16}},{"start":{"line":175,"column":8},"end":{"line":183,"column":16}},{"start":{"line":185,"column":8},"end":{"line":195,"column":16}}],"line":164},"19":{"loc":{"start":{"line":167,"column":10},"end":{"line":172,"column":11}},"type":"if","locations":[{"start":{"line":167,"column":10},"end":{"lin
[...]
,"/Users/dishankchauhan/accountability-app/services/socialService.ts": {"path":"/Users/dishankchauhan/accountability-app/services/socialService.ts","statementMap":{"0":{"start":{"line":14,"column":22},"end":{"line":14,"column":56}},"1":{"start":{"line":15,"column":2},"end":{"line":15,"column":57}},"2":{"start":{"line":15,"column":20},"end":{"line":15,"column":57}},"3":{"start":{"line":17,"column":23},"end":{"line":17,"column":84}},"4":{"start":{"line":18,"column":2},"end":{"line":21,"column":5}},"5":{"start":{"line":25,"column":22},"end":{"line":25,"column":56}},"6":{"start":{"line":26,"column":2},"end":{"line":26,"column":57}},"7":{"start":{"line":26,"column":20},"end":{"line":26,"column":57}},"8":{"start":{"line":28,"column":23},"end":{"line":28,"column":86}},"9":{"start":{"line":29,"column":2},"end":{"line":29,"column":32}},"10":{"start":{"line":33,"column":22},"end":{"line":33,"column":56}},"11":{"start":{"line":34,"column":2},"end":{"line":34,"column":30}},"12":{"start":{"line":34,"column":20},"end":{"line":34,"column":30}},"13":{"start":{"line":36,"column":23},"end":{"line":36,"column":75}},"14":{"start":{"line":37,"column":28},"end":{"line":37,"column":55}},"15":{"start":{"line":39,"column":18},"end":{"line":39,"column":70}},"16":{"start":{"line":39,"column":52},"end":{"line":39,"column":69}},"17":{"start":{"line":41,"column":2},"end":{"line":41,"column":38}},"18":{"start":{"line":41,"column":28},"end":{"line":41,"column":38}},"19":{"start":{"line":43,"column":21},"end":{"line":46,"column":3}},"20":{"start":{"line":47,"column":24},"end":{"line":47,"column":49}},"21":{"start":{"line":49,"column":2},"end":{"line":49,"column":66}},"22":{"start":{"line":49,"column":39},"end":{"line":49,"column":64}},"23":{"start":{"line":55,"column":2},"end":{"line":68,"column":3}},"24":{"start":{"line":56,"column":4},"end":{"line":61,"column":6}},"25":{"start":{"line":63,"column":4},"end":{"line":67,"column":6}},"26":{"start":{"line":70,"column":19},"end":{"line":70,"column":50}},"27":{"start":{"line":72,"column":2},"end":{"line":80,"column":5}},"28":{"start":{"line":73,"column":17},"end":{"line":73,"column":27}},"29":{"start":{"line":74,"column":4},"end":{"line":79,"column":6}}},"fnMap":{"0":{"name":"followUser","decl":{"start":{"line":13,"column":22},"end":{"line":13,"column":32}},"loc":{"start":{"line":13,"column":72},"end":{"line":22,"column":1}},"line":13},"1":{"name":"unfollowUser","decl":{"start":{"line":24,"column":22},"end":{"line":24,"column":34}},"loc":{"start":{"line":24,"column":76},"end":{"line":30,"column":1}},"line":24},"2":{"name":"getFollowing","decl":{"start":{"line":32,"column":22},"end":{"line":32,"column":34}},"loc":{"start":{"line":32,"column":61},"end":{"line":50,"column":1}},"line":32},"3":{"name":"(anonymous_3)","decl":{"start":{"line":39,"column":45},"end":{"line":39,"column":46}},"loc":{"start":{"line":39,"column":52},"end":{"line":39,"column":69}},"line":39},"4":{"name":"(anonymous_4)","decl":{"start":{"line":49,"column":32},"end":{"line":49,"column":33}},"loc":{"start":{"line":49,"column":39},"end":{"line":49,"column":64}},"line":49},"5":{"name":"getLeaderboard","decl":{"start":{"line":52,"column":22},"end":{"line":52,"column":36}},"loc":{"start":{"line":52,"column":88},"end":{"line":81,"column":1}},"line":52},"6":{"name":"(anonymous_6)","decl":{"start":{"line":72,"column":27},"end":{"line":72,"column":28}},"loc":{"start":{"line":72,"column":43},"end":{"line":80,"column":3}},"line":72}},"branchMap":{"0":{"loc":{"start":{"line":15,"column":2},"end":{"line":15,"column":57}},"type":"if","locations":[{"start":{"line":15,"column":2},"end":{"line":15,"column":57}},{"start":{},"end":{}}],"line":15},"1":{"loc":{"start":{"line":26,"column":2},"end":{"line":26,"column":57}},"type":"if","locations":[{"start":{"line":26,"column":2},"end":{"line":26,"column":57}},{"start":{},"end":{}}],"line":26},"2":{"loc":{"start":{"line":34,"column":2},"end":{"line":34,"column":30}},"type":"if","locations":[{"start":{"line":34,"column":2},"end":{"line":34,"column":30}},{"start":{},"end":{}}],"line":34},"3":{"loc":{"start":{"line":41,"column":2},"end":{"line":41,"column":38}},"type":"if","locations":[{"start":{"line":41,"column":2},"end":{"line":41,"column":38}},{"start":{},"end":{}}],"line":41},"4":{"loc":{"start":{"line":55,"column":2},"end":{"line":68,"column":3}},"type":"if","locations":[{"start":{"line":55,"column":2},"end":{"line":68,"column":3}},{"start":{"line":62,"column":9},"end":{"line":68,"column":3}}],"line":55},"5":{"loc":{"start":{"line":75,"column":14},"end":{"line":75,"column":36}},"type":"binary-expr","locations":[{"start":{"line":75,"column":14},"end":{"line":75,"column":25}},{"start":{"line":75,"column":29},"end":{"line":75,"column":36}}],"line":75},"6":{"loc":{"start":{"line":76,"column":19},"end":{"line":76,"column":50}},"type":"binary-expr","locations":[{"start":{"line":76,"column":19},"end":{"line":76,"column":35}},{"start":{"line":76,"column":39},"end":{"line":76,"column":50}}],"line":76},"7":{"loc":{"start":{"line":77,"column":13},"end":{"line":77,"column":54}},"type":"cond-expr","locations":[{"start":{"line":77,"column":27},"end":{"line":77,"column":40}},{"start":{"line":77,"column":43},"end":{"line":77,"column":54}}],"line":77}},"s":{"0":0,"1":0,"2":0,"3":0,"4":0,"5":0,"6":0,"7":0,"8":0,"9":0,"10":0,"11":0,"12":0,"13":0,"14":0,"15":0,"16":0,"17":0,"18":0,"19":0,"20":0,"21":0,"22":0,"23":0,"24":0,"25":0,"26":0,"27":0,"28":0,"29":0},"f":{"0":0,"1":0,"2":0,"3":0,"4":0,"5":0,"6":0},"b":{"0":[0,0],"1":[0,0],"2":[0,0],"3":[0,0],"4":[0,0],"5":[0,0],"6":[0,0],"7":[0,0]}}
,"/Users/dishankchauhan/accountability-app/services/storageService.ts": {"path":"/Users/dishankchauhan/accountability-app/services/storageService.ts","statementMap":{"0":{"start":{"line":4,"column":13},"end":{"line":8,"column":1}},"1":{"start":{"line":24,"column":4},"end":{"line":30,"column":5}},"2":{"start":{"line":25,"column":19},"end":{"line":25,"column":63}},"3":{"start":{"line":26,"column":6},"end":{"line":26,"column":85}},"4":{"start":{"line":28,"column":6},"end":{"line":28,"column":57}},"5":{"start":{"line":29,"column":6},"end":{"line":29,"column":59}},"6":{"start":{"line":34,"column":4},"end":{"line":51,"column":5}},"7":{"start":{"line":35,"column":19},"end":{"line":35,"column":65}},"8":{"start":{"line":36,"column":20},"end":{"line":36,"column":45}},"9":{"start":{"line":37,"column":6},"end":{"line":42,"column":8}},"10":{"start":{"line":44,"column":6},"end":{"line":44,"column":59}},"11":{"start":{"line":45,"column":6},"end":{"line":50,"column":8}},"12":{"start":{"line":55,"column":4},"end":{"line":89,"column":5}},"13":{"start":{"line":56,"column":27},"end":{"line":56,"column":55}},"14":{"start":{"line":57,"column":18},"end":{"line":57,"column":28}},"15":{"start":{"line":58,"column":27},"end":{"line":58,"column":38}},"16":{"start":{"line":61,"column":29},"end":{"line":61,"column":86}},"17":{"start":{"line":61,"column":59},"end":{"line":61,"column":85}},"18":{"start":{"line":62,"column":30},"end":{"line":62,"column":81}},"19":{"start":{"line":62,"column":64},"end":{"line":62,"column":77}},"20":{"start":{"line":65,"column":23},"end":{"line":65,"column":85}},"21":{"start":{"line":68,"column":27},"end":{"line":68,"column":75}},"22":{"start":{"line":69,"column":32},"end":{"line":71,"column":22}},"23":{"start":{"line":74,"column":41},"end":{"line":82,"column":7}},"24":{"start":{"line":77,"column":43},"end":{"line":77,"column":69}},"25":{"start":{"line":84,"column":6},"end":{"line":84,"column":82}},"26":{"start":{"line":85,"column":6},"end":{"line":85,"column":25}},"27":{"start":{"line":87,"column":6},"end":{"line":87,"column":62}},"28":{"start":{"line":88,"column":6},"end":{"line":88,"column":18}},"29":{"start":{"line":93,"column":4},"end":{"line":102,"column":5}},"30":{"start":{"line":94,"column":31},"end":{"line":97,"column":7}},"31":{"start":{"line":98,"column":6},"end":{"line":98,"column":73}},"32":{"start":{"line":99,"column":6},"end":{"line":99,"column":43}},"33":{"start":{"line":101,"column":6},"end":{"line":101,"column":58}},"34":{"start":{"line":106,"column":4},"end":{"line":122,"column":5}},"35":{"start":{"line":107,"column":23},"end":{"line":107,"column":49}},"36":{"start":{"line":108,"column":20},"end":{"line":108,"column":45}},"37":{"start":{"line":109,"column":6},"end":{"line":119,"column":7}},"38":{"start":{"line":110,"column":8},"end":{"line":118,"column":11}},"39":{"start":{"line":121,"column":6},"end":{"line":121,"column":52}},"40":{"start":{"line":126,"column":30},"end":{"line":126,"column":50}}},"fnMap":{"0":{"name":"(anonymous_0)","decl":{"start":{"line":23,"column":2},"end":{"line":23,"column":3}},"loc":{"start":{"line":23,"column":45},"end":{"line":31,"column":3}},"line":23},"1":{"name":"(anonymous_1)","decl":{"start":{"line":33,"column":2},"end":{"line":33,"column":3}},"loc":{"start":{"line":33,"column":50},"end":{"line":52,"column":3}},"line":33},"2":{"name":"(anonymous_2)","decl":{"start":{"line":54,"column":2},"end":{"line":54,"column":3}},"loc":{"start":{"line":54,"column":69},"end":{"line":90,"column":3}},"line":54},"3":{"name":"(anonymous_3)","decl":{"start":{"line":61,"column":54},"end":{"line":61,"column":55}},"loc":{"start":{"line":61,"column":59},"end":{"line":61,"column":85}},"line":61},"4":{"name":"(anonymous_4)","decl":{"start":{"line":62,"column":52},"end":{"line":62,"column":53}},"loc":{"start":{"line":62,"column":64},"end":{"line":62,"column":77}},"line":62},"5":{"name":"(anonymous_5)","decl":{"start":{"line":77,"column":38},"end":{"line":77,"column":39}},"loc":{"start":{"line":77,"column":43},"end":{"line":77,"column":69}},"line":77},"6":{"name":"(anonymous_6)","decl":{"start":{"line":92,"column":2},"end":{"line":92,"column":3}},"loc":{"start":{"line":92,"column":53},"end":{"line":103,"column":3}},"line":92},"7":{"name":"(anonymous_7)","decl":{"start":{"line":105,"column":2},"end":{"line":105,"column":3}},"loc":{"start":{"line":105,"column":39},"end":{"line":123,"column":3}},"line":105}},"branchMap":{"0":{"loc":{"start":{"line":26,"column":13},"end":{"line":26,"column":84}},"type":"cond-expr","locations":[{"start":{"line":26,"column":20},"end":{"line":26,"column":36}},{"start":{"line":26,"column":39},"end":{"line":26,"column":84}}],"line":26},"1":{"loc":{"start":{"line":37,"column":13},"end":{"line":42,"column":7}},"type":"cond-expr","locations":[{"start":{"line":37,"column":20},"end":{"line":37,"column":36}},{"start":{"line":37,"column":39},"end":{"line":42,"column":7}}],"line":37},"2":{"loc":{"start":{"line":69,"column":32},"end":{"line":71,"column":22}},"type":"cond-expr","locations":[{"start":{"line":70,"column":10},"end":{"line":70,"column":71}},{"start":{"line":71,"column":10},"end":{"line":71,"column":22}}],"line":69},"3":{"loc":{"start":{"line":80,"column":23},"end":{"line":80,"column":93}},"type":"cond-expr","locations":[{"start":{"line":80,"column":34},"end":{"line":80,"column":64}},{"start":{"line":80,"column":67},"end":{"line":80,"column":93}}],"line":80},"4":{"loc":{"start":{"line":109,"column":6},"end":{"line":119,"column":7}},"type":"if","locations":[{"start":{"line":109,"column":6},"end":{"line":119,"column":7}},{"start":{},"end":{}}],"line":109}},"s":{"0":0,"1":0,"2":0,"3":0,"4":0,"5":0,"6":0,"7":0,"8":0,"9":0,"10":0,"11":0,"12":0,"13":0,"14":0,"15":0,"16":0,"17":0,"18":0,"19":0,"20":0,"21":0,"22":0,"23":0,"24":0,"25":0,"26":0,"27":0,"28":0,"29":0,"30":0,"31":0,"32":0,"33":0,"34":0,"35":0,"36":0,"37":0,"38":0,"39":0,"40":0},"f":{"0":0,"1":0,"2":0,"3":0,"4":0,"5":0,"6":0,"7":0},"b":{"0":[0,0],"1":[0,0],"2":[0,0],"3":[0,0],"4":[0,0]}}
,"/Users/dishankchauhan/accountability-app/utils/dateUtils.ts": {"path":"/Users/dishankchauhan/accountability-app/utils/dateUtils.ts","statementMap":{"0":{"start":{"line":2,"column":15},"end":{"line":2,"column":35}},"1":{"start":{"line":3,"column":14},"end":{"line":3,"column":24}},"2":{"start":{"line":4,"column":19},"end":{"line":4,"column":49}},"3":{"start":{"line":5,"column":19},"end":{"line":5,"column":62}},"4":{"start":{"line":7,"column":2},"end":{"line":9,"column":3}},"5":{"start":{"line":8,"column":4},"end":{"line":8,"column":37}},"6":{"start":{"line":11,"column":2},"end":{"line":13,"column":3}},"7":{"start":{"line":12,"column":4},"end":{"line":12,"column":19}},"8":{"start":{"line":15,"column":2},"end":{"line":17,"column":3}},"9":{"start":{"line":16,"column":4},"end":{"line":16,"column":22}},"10":{"start":{"line":19,"column":2},"end":{"line":21,"column":3}},"11":{"start":{"line":20,"column":4},"end":{"line":20,"column":30}},"12":{"start":{"line":23,"column":2},"end":{"line":26,"column":3}},"13":{"start":{"line":24,"column":18},"end":{"line":24,"column":42}},"14":{"start":{"line":25,"column":4},"end":{"line":25,"column":56}},"15":{"start":{"line":28,"column":2},"end":{"line":28,"column":35}},"16":{"start":{"line":32,"column":2},"end":{"line":34,"column":3}},"17":{"start":{"line":33,"column":4},"end":{"line":33,"column":25}},"18":{"start":{"line":36,"column":16},"end":{"line":36,"column":40}},"19":{"start":{"line":37,"column":27},"end":{"line":37,"column":39}},"20":{"start":{"line":39,"column":2},"end":{"line":41,"column":3}},"21":{"start":{"line":40,"column":4},"end":{"line":40,"column":23}},"22":{"start":{"line":43,"column":2},"end":{"line":43,"column":42}},"23":{"start":{"line":47,"column":2},"end":{"line":47,"column":53}},"24":{"start":{"line":51,"column":19},"end":{"line":51,"column":62}},"25":{"start":{"line":52,"column":2},"end":{"line":52,"column":53}}},"fnMap":{"0":{"name":"formatDate","decl":{"start":{"line":1,"column":16},"end":{"line":1,"column":26}},"loc":{"start":{"line":1,"column":55},"end":{"line":29,"column":1}},"line":1},"1":{"name":"formatDuration","decl":{"start":{"line":31,"column":16},"end":{"line":31,"column":30}},"loc":{"start":{"line":31,"column":56},"end":{"line":44,"column":1}},"line":31},"2":{"name":"isDateInPast","decl":{"start":{"line":46,"column":16},"end":{"line":46,"column":28}},"loc":{"start":{"line":46,"column":58},"end":{"line":48,"column":1}},"line":46},"3":{"name":"getDaysRemaining","decl":{"start":{"line":50,"column":16},"end":{"line":50,"column":32}},"loc":{"start":{"line":50,"column":61},"end":{"line":53,"column":1}},"line":50}},"branchMap":{"0":{"loc":{"start":{"line":7,"column":2},"end":{"line":9,"column":3}},"type":"if","locations":[{"start":{"line":7,"column":2},"end":{"line":9,"column":3}},{"start":{},"end":{}}],"line":7},"1":{"loc":{"start":{"line":11,"column":2},"end":{"line":13,"column":3}},"type":"if","locations":[{"start":{"line":11,"column":2},"end":{"line":13,"column":3}},{"start":{},"end":{}}],"line":11},"2":{"loc":{"start":{"line":15,"column":2},"end":{"line":17,"column":3}},"type":"if","locations":[{"start":{"line":15,"column":2},"end":{"line":17,"column":3}},{"start":{},"end":{}}],"line":15},"3":{"loc":{"start":{"line":19,"column":2},"end":{"line":21,"column":3}},"type":"if","locations":[{"start":{"line":19,"column":2},"end":{"line":21,"column":3}},{"start":{},"end":{}}],"line":19},"4":{"loc":{"start":{"line":23,"column":2},"end":{"line":26,"column":3}},"type":"if","locations":[{"start":{"line":23,"column":2},"end":{"line":26,"column":3}},{"start":{},"end":{}}],"line":23},"5":{"loc":{"start":{"line":25,"column":23},"end":{"line":25,"column":53}},"type":"cond-expr","locations":[{"start":{"line":25,"column":37},"end":{"line":25,"column":43}},{"start":{"line":25,"column":46},"end":{"line":25,"column":53}}],"line":25},"6":{"loc":{"start":{"line":32,"column":2},"end":{"line":34,"column":3}},"type":"if","locations":[{"start":{"line":32,"column":2},"end":{"line":34,"column":3}},{"start":{},"end":{}}],"line":32},"7":{"loc":{"start":{"line":39,"column":2},"end":{"line":41,"column":3}},"type":"if","locations":[{"start":{"line":39,"column":2},"end":{"line":41,"column":3}},{"start":{},"end":{}}],"line":39}},"s":{"0":0,"1":0,"2":0,"3":0,"4":0,"5":0,"6":0,"7":0,"8":0,"9":0,"10":0,"11":0,"12":0,"13":0,"14":0,"15":0,"16":0,"17":0,"18":0,"19":0,"20":0,"21":0,"22":0,"23":0,"24":0,"25":0},"f":{"0":0,"1":0,"2":0,"3":0},"b":{"0":[0,0],"1":[0,0],"2":[0,0],"3":[0,0],"4":[0,0],"5":[0,0],"6":[0,0],"7":[0,0]}}
,"/Users/dishankchauhan/accountability-app/utils/retry.ts": {"path":"/Users/dishankchauhan/accountability-app/utils/retry.ts","statementMap":{"0":{"start":{"line":15,"column":32},"end":{"line":15,"column":36}},"1":{"start":{"line":17,"column":2},"end":{"line":35,"column":3}},"2":{"start":{"line":17,"column":21},"end":{"line":17,"column":22}},"3":{"start":{"line":18,"column":4},"end":{"line":34,"column":5}},"4":{"start":{"line":19,"column":6},"end":{"line":19,"column":31}},"5":{"start":{"line":21,"column":6},"end":{"line":21,"column":33}},"6":{"start":{"line":23,"column":6},"end":{"line":25,"column":7}},"7":{"start":{"line":24,"column":8},"end":{"line":24,"column":14}},"8":{"start":{"line":28,"column":20},"end":{"line":31,"column":7}},"9":{"start":{"line":33,"column":6},"end":{"line":33,"column":63}},"10":{"start":{"line":33,"column":35},"end":{"line":33,"column":61}},"11":{"start":{"line":37,"column":2},"end":{"line":37,"column":65}}},"fnMap":{"0":{"name":"retryWithBackoff","decl":{"start":{"line":9,"column":22},"end":{"line":9,"column":38}},"loc":{"start":{"line":14,"column":14},"end":{"line":38,"column":1}},"line":14},"1":{"name":"(anonymous_1)","decl":{"start":{"line":33,"column":24},"end":{"line":33,"column":25}},"loc":{"start":{"line":33,"column":35},"end":{"line":33,"column":61}},"line":33}},"branchMap":{"0":{"loc":{"start":{"line":12,"column":2},"end":{"line":12,"column":26}},"type":"default-arg","locations":[{"start":{"line":12,"column":22},"end":{"line":12,"column":26}}],"line":12},"1":{"loc":{"start":{"line":13,"column":2},"end":{"line":13,"column":26}},"type":"default-arg","locations":[{"start":{"line":13,"column":21},"end":{"line":13,"column":26}}],"line":13},"2":{"loc":{"start":{"line":23,"column":6},"end":{"line":25,"column":7}},"type":"if","locations":[{"start":{"line":23,"column":6},"end":{"line":25,"column":7}},{"start":{},"end":{}}],"line":23},"3":{"loc":{"start":{"line":37,"column":8},"end":{"line":37,"column":64}},"type":"binary-expr","locations":[{"start":{"line":37,"column":8},"end":{"line":37,"column":17}},{"start":{"line":37,"column":21},"end":{"line":37,"column":64}}],"line":37}},"s":{"0":0,"1":0,"2":0,"3":0,"4":0,"5":0,"6":0,"7":0,"8":0,"9":0,"10":0,"11":0},"f":{"0":0,"1":0},"b":{"0":[0],"1":[0],"2":[0,0],"3":[0,0]}}
}
