TN:
SF:services/authService.ts
FN:13,signUp
FN:31,signIn
FN:42,signOut
FN:46,getCurrentUser
FN:54,updateUserTokens
FN:58,onAuthStateChanged
FNF:6
FNH:6
FNDA:2,signUp
FNDA:2,signIn
FNDA:2,signOut
FNDA:2,getCurrentUser
FNDA:2,updateUserTokens
FNDA:1,onAuthStateChanged
DA:14,2
DA:15,1
DA:17,1
DA:25,1
DA:26,1
DA:28,0
DA:32,2
DA:33,1
DA:35,1
DA:36,0
DA:39,1
DA:43,2
DA:47,2
DA:48,2
DA:50,1
DA:51,1
DA:55,2
DA:59,1
LF:18
LH:16
BRDA:35,0,0,0
BRDA:35,0,1,1
BRDA:48,1,0,1
BRDA:48,1,1,1
BRDA:51,2,0,1
BRDA:51,2,1,0
BRF:6
BRH:4
end_of_record
TN:
SF:services/challengeService.ts
FN:87,(anonymous_0)
FN:91,(anonymous_1)
FN:98,(anonymous_2)
FN:103,(anonymous_3)
FN:104,(anonymous_4)
FN:110,(anonymous_5)
FN:119,(anonymous_6)
FN:130,(anonymous_7)
FN:142,(anonymous_8)
FN:164,(anonymous_9)
FN:193,(anonymous_10)
FN:205,(anonymous_11)
FN:219,(anonymous_12)
FN:237,(anonymous_13)
FN:255,(anonymous_14)
FN:264,(anonymous_15)
FN:264,(anonymous_16)
FN:274,(anonymous_17)
FN:301,(anonymous_18)
FN:309,(anonymous_19)
FN:362,(anonymous_20)
FN:370,(anonymous_21)
FN:393,(anonymous_22)
FN:412,(anonymous_23)
FN:421,(anonymous_24)
FN:433,(anonymous_25)
FN:434,(anonymous_26)
FN:456,(anonymous_27)
FN:472,(anonymous_28)
FN:491,(anonymous_29)
FN:517,(anonymous_30)
FN:529,(anonymous_31)
FN:550,(anonymous_32)
FN:558,(anonymous_33)
FN:565,(anonymous_34)
FN:569,(anonymous_35)
FNF:36
FNH:0
FNDA:0,(anonymous_0)
FNDA:0,(anonymous_1)
FNDA:0,(anonymous_2)
FNDA:0,(anonymous_3)
FNDA:0,(anonymous_4)
FNDA:0,(anonymous_5)
FNDA:0,(anonymous_6)
FNDA:0,(anonymous_7)
FNDA:0,(anonymous_8)
FNDA:0,(anonymous_9)
FNDA:0,(anonymous_10)
FNDA:0,(anonymous_11)
FNDA:0,(anonymous_12)
FNDA:0,(anonymous_13)
FNDA:0,(anonymous_14)
FNDA:0,(anonymous_15)
FNDA:0,(anonymous_16)
FNDA:0,(anonymous_17)
FNDA:0,(anonymous_18)
FNDA:0,(anonymous_19)
FNDA:0,(anonymous_20)
FNDA:0,(anonymous_21)
FNDA:0,(anonymous_22)
FNDA:0,(anonymous_23)
FNDA:0,(anonymous_24)
FNDA:0,(anonymous_25)
FNDA:0,(anonymous_26)
FNDA:0,(anonymous_27)
FNDA:0,(anonymous_28)
FNDA:0,(anonymous_29)
FNDA:0,(anonymous_30)
FNDA:0,(anonymous_31)
FNDA:0,(anonymous_32)
FNDA:0,(anonymous_33)
FNDA:0,(anonymous_34)
FNDA:0,(anonymous_35)
DA:30,0
DA:31,0
DA:32,0
DA:33,0
DA:83,0
DA:85,0
DA:88,0
DA:92,0
DA:93,0
DA:95,0
DA:99,0
DA:100,0
DA:103,0
DA:104,0
DA:105,0
DA:111,0
DA:112,0
DA:113,0
DA:120,0
DA:121,0
DA:122,0
DA:123,0
DA:125,0
DA:126,0
DA:131,0
DA:132,0
DA:133,0
DA:134,0
DA:135,0
DA:137,0
DA:138,0
DA:143,0
DA:144,0
DA:145,0
DA:147,0
DA:148,0
DA:150,0
DA:151,0
DA:153,0
DA:154,0
DA:156,0
DA:157,0
DA:159,0
DA:160,0
DA:165,0
DA:166,0
DA:167,0
DA:169,0
DA:171,0
DA:173,0
DA:174,0
DA:176,0
DA:177,0
DA:179,0
DA:181,0
DA:183,0
DA:186,0
DA:188,0
DA:189,0
DA:194,0
DA:195,0
DA:196,0
DA:198,0
DA:204,0
DA:205,0
DA:206,0
DA:207,0
DA:214,0
DA:215,0
DA:220,0
DA:222,0
DA:223,0
DA:224,0
DA:225,0
DA:226,0
DA:229,0
DA:235,0
DA:237,0
DA:243,0
DA:248,0
DA:250,0
DA:251,0
DA:256,0
DA:257,0
DA:263,0
DA:264,0
DA:267,0
DA:269,0
DA:270,0
DA:275,0
DA:276,0
DA:277,0
DA:278,0
DA:280,0
DA:281,0
DA:282,0
DA:284,0
DA:285,0
DA:288,0
DA:289,0
DA:290,0
DA:293,0
DA:294,0
DA:295,0
DA:297,0
DA:302,0
DA:303,0
DA:304,0
DA:306,0
DA:307,0
DA:309,0
DA:310,0
DA:311,0
DA:313,0
DA:314,0
DA:316,0
DA:317,0
DA:320,0
DA:321,0
DA:324,0
DA:325,0
DA:328,0
DA:331,0
DA:342,0
DA:348,0
DA:349,0
DA:352,0
DA:355,0
DA:357,0
DA:358,0
DA:363,0
DA:364,0
DA:365,0
DA:367,0
DA:368,0
DA:370,0
DA:371,0
DA:376,0
DA:377,0
DA:380,0
DA:381,0
DA:383,0
DA:384,0
DA:387,0
DA:388,0
DA:392,0
DA:393,0
DA:398,0
DA:401,0
DA:402,0
DA:405,0
DA:407,0
DA:408,0
DA:413,0
DA:414,0
DA:415,0
DA:421,0
DA:422,0
DA:427,0
DA:428,0
DA:431,0
DA:432,0
DA:433,0
DA:434,0
DA:436,0
DA:438,0
DA:439,0
DA:440,0
DA:441,0
DA:442,0
DA:446,0
DA:447,0
DA:448,0
DA:449,0
DA:450,0
DA:455,0
DA:456,0
DA:457,0
DA:460,0
DA:467,0
DA:468,0
DA:473,0
DA:474,0
DA:475,0
DA:477,0
DA:478,0
DA:481,0
DA:486,0
DA:487,0
DA:492,0
DA:493,0
DA:494,0
DA:497,0
DA:498,0
DA:510,0
DA:511,0
DA:518,0
DA:519,0
DA:520,0
DA:523,0
DA:530,0
DA:531,0
DA:532,0
DA:535,0
DA:536,0
DA:537,0
DA:540,0
DA:541,0
DA:544,0
DA:551,0
DA:558,0
DA:566,0
DA:567,0
DA:569,0
DA:570,0
DA:574,0
LF:216
LH:0
BRDA:92,0,0,0
BRDA:92,0,1,0
BRDA:99,1,0,0
BRDA:99,1,1,0
BRDA:122,2,0,0
BRDA:122,2,1,0
BRDA:133,3,0,0
BRDA:133,3,1,0
BRDA:147,4,0,0
BRDA:147,4,1,0
BRDA:150,5,0,0
BRDA:150,5,1,0
BRDA:153,6,0,0
BRDA:153,6,1,0
BRDA:156,7,0,0
BRDA:156,7,1,0
BRDA:159,8,0,0
BRDA:159,8,1,0
BRDA:159,9,0,0
BRDA:159,9,1,0
BRDA:167,10,0,0
BRDA:167,10,1,0
BRDA:171,11,0,0
BRDA:171,11,1,0
BRDA:171,11,2,0
BRDA:171,11,3,0
BRDA:171,11,4,0
BRDA:196,12,0,0
BRDA:196,12,1,0
BRDA:210,13,0,0
BRDA:210,13,1,0
BRDA:223,14,0,0
BRDA:223,14,1,0
BRDA:225,15,0,0
BRDA:225,15,1,0
BRDA:281,16,0,0
BRDA:281,16,1,0
BRDA:282,17,0,0
BRDA:282,17,1,0
BRDA:304,18,0,0
BRDA:304,18,1,0
BRDA:311,19,0,0
BRDA:311,19,1,0
BRDA:316,20,0,0
BRDA:316,20,1,0
BRDA:320,21,0,0
BRDA:320,21,1,0
BRDA:324,22,0,0
BRDA:324,22,1,0
BRDA:333,23,0,0
BRDA:333,23,1,0
BRDA:365,24,0,0
BRDA:365,24,1,0
BRDA:376,25,0,0
BRDA:376,25,1,0
BRDA:376,26,0,0
BRDA:376,26,1,0
BRDA:383,27,0,0
BRDA:383,27,1,0
BRDA:387,28,0,0
BRDA:387,28,1,0
BRDA:427,29,0,0
BRDA:427,29,1,0
BRDA:436,30,0,0
BRDA:436,30,1,0
BRDA:449,31,0,0
BRDA:449,31,1,0
BRDA:477,32,0,0
BRDA:477,32,1,0
BRDA:493,33,0,0
BRDA:493,33,1,0
BRDA:503,34,0,0
BRDA:503,34,1,0
BRDA:519,35,0,0
BRDA:519,35,1,0
BRDA:531,36,0,0
BRDA:531,36,1,0
BRDA:536,37,0,0
BRDA:536,37,1,0
BRDA:540,38,0,0
BRDA:540,38,1,0
BRDA:550,39,0,0
BRDA:566,40,0,0
BRDA:566,40,1,0
BRF:84
BRH:0
end_of_record
TN:
SF:services/fitbitService.ts
FN:37,(anonymous_0)
FN:41,(anonymous_1)
FN:48,(anonymous_2)
FN:60,(anonymous_3)
FN:70,(anonymous_4)
FN:86,(anonymous_5)
FN:114,(anonymous_6)
FN:132,(anonymous_7)
FN:153,(anonymous_8)
FN:157,(anonymous_9)
FNF:10
FNH:8
FNDA:2,(anonymous_0)
FNDA:2,(anonymous_1)
FNDA:2,(anonymous_2)
FNDA:1,(anonymous_3)
FNDA:2,(anonymous_4)
FNDA:9,(anonymous_5)
FNDA:6,(anonymous_6)
FNDA:2,(anonymous_7)
FNDA:0,(anonymous_8)
FNDA:0,(anonymous_9)
DA:5,2
DA:6,2
DA:8,2
DA:35,2
DA:38,2
DA:42,2
DA:43,2
DA:45,2
DA:49,2
DA:50,2
DA:51,2
DA:52,0
DA:55,0
DA:56,0
DA:61,1
DA:62,1
DA:63,1
DA:65,0
DA:66,0
DA:71,2
DA:72,2
DA:73,1
DA:78,1
DA:80,1
DA:81,1
DA:82,0
DA:87,9
DA:89,9
DA:90,9
DA:92,0
DA:93,0
DA:101,0
DA:106,0
DA:108,0
DA:109,0
DA:110,0
DA:115,6
DA:116,0
DA:119,6
DA:125,6
DA:126,3
DA:129,3
DA:133,2
DA:134,2
DA:140,1
DA:147,2
DA:148,2
DA:149,0
DA:154,0
DA:158,0
DA:159,0
DA:163,2
LF:52
LH:34
BRDA:42,0,0,2
BRDA:42,0,1,0
BRDA:51,1,0,0
BRDA:51,1,1,2
BRDA:87,2,0,0
BRDA:87,2,1,9
BRDA:90,3,0,9
BRDA:90,3,1,0
BRDA:115,4,0,0
BRDA:115,4,1,6
BRDA:115,5,0,6
BRDA:115,5,1,6
BRDA:125,6,0,3
BRDA:125,6,1,3
BRDA:141,7,0,1
BRDA:141,7,1,0
BRDA:142,8,0,0
BRDA:142,8,1,0
BRDA:143,9,0,0
BRDA:143,9,1,0
BRDA:144,10,0,0
BRDA:144,10,1,0
BRDA:154,11,0,0
BRDA:154,11,1,0
BRF:24
BRH:10
end_of_record
TN:
SF:services/groupService.ts
FN:9,(anonymous_0)
FN:11,(anonymous_1)
FN:19,(anonymous_2)
FN:44,(anonymous_3)
FN:56,(anonymous_4)
FN:77,(anonymous_5)
FN:104,(anonymous_6)
FN:115,(anonymous_7)
FN:139,(anonymous_8)
FN:163,(anonymous_9)
FN:172,(anonymous_10)
FN:184,(anonymous_11)
FN:213,(anonymous_12)
FN:221,(anonymous_13)
FNF:14
FNH:7
FNDA:1,(anonymous_0)
FNDA:1,(anonymous_1)
FNDA:2,(anonymous_2)
FNDA:2,(anonymous_3)
FNDA:2,(anonymous_4)
FNDA:2,(anonymous_5)
FNDA:2,(anonymous_6)
FNDA:0,(anonymous_7)
FNDA:0,(anonymous_8)
FNDA:0,(anonymous_9)
FNDA:0,(anonymous_10)
FNDA:0,(anonymous_11)
FNDA:0,(anonymous_12)
FNDA:0,(anonymous_13)
DA:12,1
DA:13,1
DA:15,1
DA:20,2
DA:21,2
DA:22,2
DA:24,0
DA:35,0
DA:36,0
DA:38,2
DA:39,2
DA:40,0
DA:45,2
DA:46,2
DA:47,2
DA:48,2
DA:50,0
DA:51,0
DA:52,0
DA:57,2
DA:58,2
DA:59,2
DA:61,0
DA:62,0
DA:63,0
DA:65,0
DA:70,2
DA:71,2
DA:72,0
DA:78,2
DA:79,2
DA:80,2
DA:82,0
DA:83,0
DA:84,0
DA:86,0
DA:96,0
DA:98,2
DA:99,2
DA:100,0
DA:105,2
DA:106,2
DA:107,2
DA:109,0
DA:110,0
DA:112,0
DA:113,0
DA:115,0
DA:116,0
DA:117,0
DA:118,0
DA:120,0
DA:126,0
DA:132,2
DA:133,2
DA:134,0
DA:140,0
DA:141,0
DA:142,0
DA:144,0
DA:154,0
DA:155,0
DA:157,0
DA:158,0
DA:159,0
DA:164,0
DA:165,0
DA:166,0
DA:168,0
DA:169,0
DA:171,0
DA:172,0
DA:175,0
DA:177,0
DA:178,0
DA:179,0
DA:185,0
DA:186,0
DA:187,0
DA:189,0
DA:190,0
DA:191,0
DA:193,0
DA:204,0
DA:205,0
DA:207,0
DA:208,0
DA:209,0
DA:214,0
DA:215,0
DA:221,0
DA:226,0
DA:227,0
DA:228,0
DA:233,1
LF:95
LH:28
BRDA:12,0,0,1
BRDA:12,0,1,0
BRDA:22,1,0,2
BRDA:22,1,1,0
BRDA:47,2,0,0
BRDA:47,2,1,2
BRDA:59,3,0,2
BRDA:59,3,1,0
BRDA:62,4,0,0
BRDA:62,4,1,0
BRDA:63,5,0,0
BRDA:63,5,1,0
BRDA:80,6,0,2
BRDA:80,6,1,0
BRDA:83,7,0,0
BRDA:83,7,1,0
BRDA:84,8,0,0
BRDA:84,8,1,0
BRDA:107,9,0,2
BRDA:107,9,1,0
BRDA:112,10,0,0
BRDA:112,10,1,0
BRDA:112,11,0,0
BRDA:112,11,1,0
BRDA:113,12,0,0
BRDA:113,12,1,0
BRDA:116,13,0,0
BRDA:116,13,1,0
BRDA:116,14,0,0
BRDA:116,14,1,0
BRDA:127,15,0,0
BRDA:127,15,1,0
BRDA:142,16,0,0
BRDA:142,16,1,0
BRDA:166,17,0,0
BRDA:166,17,1,0
BRDA:171,18,0,0
BRDA:171,18,1,0
BRDA:187,19,0,0
BRDA:187,19,1,0
BRDA:190,20,0,0
BRDA:190,20,1,0
BRDA:191,21,0,0
BRDA:191,21,1,0
BRF:44
BRH:6
end_of_record
TN:
SF:services/healthService.ts
FN:33,(anonymous_0)
FN:38,(anonymous_1)
FN:45,(anonymous_2)
FN:54,(anonymous_3)
FN:64,(anonymous_4)
FN:68,(anonymous_5)
FN:82,(anonymous_6)
FN:119,(anonymous_7)
FN:143,(anonymous_8)
FN:210,(anonymous_9)
FN:243,(anonymous_10)
FN:247,(anonymous_11)
FN:254,(anonymous_12)
FNF:13
FNH:4
FNDA:1,(anonymous_0)
FNDA:1,(anonymous_1)
FNDA:1,(anonymous_2)
FNDA:0,(anonymous_3)
FNDA:1,(anonymous_4)
FNDA:0,(anonymous_5)
FNDA:0,(anonymous_6)
FNDA:0,(anonymous_7)
FNDA:0,(anonymous_8)
FNDA:0,(anonymous_9)
FNDA:0,(anonymous_10)
FNDA:0,(anonymous_11)
FNDA:0,(anonymous_12)
DA:8,1
DA:9,1
DA:10,1
DA:26,1
DA:27,1
DA:28,1
DA:29,1
DA:30,1
DA:31,1
DA:34,1
DA:35,1
DA:39,1
DA:40,1
DA:42,1
DA:46,1
DA:47,1
DA:49,0
DA:50,0
DA:55,0
DA:56,0
DA:57,0
DA:59,0
DA:60,0
DA:65,1
DA:66,0
DA:68,1
DA:69,0
DA:70,0
DA:71,0
DA:72,0
DA:73,0
DA:76,0
DA:77,0
DA:83,0
DA:84,0
DA:87,0
DA:88,0
DA:89,0
DA:90,0
DA:91,0
DA:92,0
DA:94,0
DA:95,0
DA:96,0
DA:97,0
DA:98,0
DA:99,0
DA:104,0
DA:105,0
DA:106,0
DA:107,0
DA:108,0
DA:111,0
DA:113,0
DA:114,0
DA:115,0
DA:120,0
DA:121,0
DA:122,0
DA:123,0
DA:126,0
DA:128,0
DA:130,0
DA:132,0
DA:134,0
DA:137,0
DA:138,0
DA:139,0
DA:144,0
DA:146,0
DA:147,0
DA:148,0
DA:149,0
DA:150,0
DA:154,0
DA:155,0
DA:156,0
DA:159,0
DA:160,0
DA:162,0
DA:164,0
DA:166,0
DA:167,0
DA:168,0
DA:173,0
DA:176,0
DA:177,0
DA:178,0
DA:183,0
DA:186,0
DA:187,0
DA:188,0
DA:189,0
DA:190,0
DA:195,0
DA:198,0
DA:199,0
DA:202,0
DA:204,0
DA:205,0
DA:206,0
DA:211,0
DA:212,0
DA:214,0
DA:216,0
DA:217,0
DA:218,0
DA:221,0
DA:222,0
DA:223,0
DA:226,0
DA:227,0
DA:230,0
DA:231,0
DA:232,0
DA:235,0
DA:237,0
DA:238,0
DA:239,0
DA:244,0
DA:248,0
DA:249,0
DA:250,0
DA:255,0
DA:256,0
DA:257,0
DA:258,0
DA:261,0
DA:262,0
DA:264,0
DA:265,0
DA:266,0
DA:267,0
DA:268,0
DA:272,0
DA:273,0
DA:278,0
DA:279,0
DA:284,1
LF:139
LH:19
BRDA:39,0,0,1
BRDA:39,0,1,0
BRDA:65,1,0,0
BRDA:65,1,1,1
BRDA:71,2,0,0
BRDA:71,2,1,0
BRDA:84,3,0,0
BRDA:84,3,1,0
BRDA:87,4,0,0
BRDA:87,4,1,0
BRDA:89,5,0,0
BRDA:89,5,1,0
BRDA:94,6,0,0
BRDA:94,6,1,0
BRDA:96,7,0,0
BRDA:96,7,1,0
BRDA:105,8,0,0
BRDA:105,8,1,0
BRDA:121,9,0,0
BRDA:121,9,1,0
BRDA:123,10,0,0
BRDA:123,10,1,0
BRDA:126,11,0,0
BRDA:126,11,1,0
BRDA:126,11,2,0
BRDA:126,11,3,0
BRDA:128,12,0,0
BRDA:128,12,1,0
BRDA:130,13,0,0
BRDA:130,13,1,0
BRDA:147,14,0,0
BRDA:147,14,1,0
BRDA:149,15,0,0
BRDA:149,15,1,0
BRDA:154,16,0,0
BRDA:154,16,1,0
BRDA:156,17,0,0
BRDA:156,17,1,0
BRDA:164,18,0,0
BRDA:164,18,1,0
BRDA:164,18,2,0
BRDA:167,19,0,0
BRDA:167,19,1,0
BRDA:177,20,0,0
BRDA:177,20,1,0
BRDA:189,21,0,0
BRDA:189,21,1,0
BRDA:198,22,0,0
BRDA:198,22,1,0
BRDA:214,23,0,0
BRDA:214,23,1,0
BRDA:214,23,2,0
BRDA:216,24,0,0
BRDA:216,24,1,0
BRDA:217,25,0,0
BRDA:217,25,1,0
BRDA:221,26,0,0
BRDA:221,26,1,0
BRDA:222,27,0,0
BRDA:222,27,1,0
BRDA:230,28,0,0
BRDA:230,28,1,0
BRDA:248,29,0,0
BRDA:248,29,1,0
BRDA:257,30,0,0
BRDA:257,30,1,0
BRDA:264,31,0,0
BRDA:264,31,1,0
BRDA:267,32,0,0
BRDA:267,32,1,0
BRF:70
BRH:2
end_of_record
TN:
SF:services/notificationService.ts
FN:21,(anonymous_0)
FN:25,(anonymous_1)
FN:32,(anonymous_2)
FN:37,(anonymous_3)
FN:70,(anonymous_4)
FN:72,(anonymous_5)
FN:80,(anonymous_6)
FN:92,(anonymous_7)
FN:106,(anonymous_8)
FN:114,(anonymous_9)
FN:131,(anonymous_10)
FNF:11
FNH:0
FNDA:0,(anonymous_0)
FNDA:0,(anonymous_1)
FNDA:0,(anonymous_2)
FNDA:0,(anonymous_3)
FNDA:0,(anonymous_4)
FNDA:0,(anonymous_5)
FNDA:0,(anonymous_6)
FNDA:0,(anonymous_7)
FNDA:0,(anonymous_8)
FNDA:0,(anonymous_9)
FNDA:0,(anonymous_10)
DA:22,0
DA:26,0
DA:27,0
DA:29,0
DA:33,0
DA:34,0
DA:38,0
DA:39,0
DA:47,0
DA:48,0
DA:50,0
DA:51,0
DA:52,0
DA:55,0
DA:56,0
DA:57,0
DA:60,0
DA:61,0
DA:71,0
DA:72,0
DA:81,0
DA:82,0
DA:85,0
DA:87,0
DA:88,0
DA:97,0
DA:107,0
DA:115,0
DA:116,0
DA:118,0
DA:119,0
DA:121,0
DA:122,0
DA:124,0
DA:125,0
DA:128,0
DA:132,0
DA:140,0
LF:38
LH:0
BRDA:26,0,0,0
BRDA:26,0,1,0
BRDA:38,1,0,0
BRDA:38,1,1,0
BRDA:50,2,0,0
BRDA:50,2,1,0
BRDA:55,3,0,0
BRDA:55,3,1,0
BRDA:60,4,0,0
BRDA:60,4,1,0
BRDA:95,5,0,0
BRDA:116,6,0,0
BRDA:116,6,1,0
BRDA:116,6,2,0
BRF:14
BRH:0
end_of_record
TN:
SF:services/paymentService.ts
FN:75,(anonymous_0)
FN:79,(anonymous_1)
FN:99,(anonymous_2)
FN:105,(anonymous_3)
FN:114,(anonymous_4)
FN:129,(anonymous_5)
FN:177,(anonymous_6)
FN:202,(anonymous_7)
FN:226,(anonymous_8)
FN:252,(anonymous_9)
FNF:10
FNH:0
FNDA:0,(anonymous_0)
FNDA:0,(anonymous_1)
FNDA:0,(anonymous_2)
FNDA:0,(anonymous_3)
FNDA:0,(anonymous_4)
FNDA:0,(anonymous_5)
FNDA:0,(anonymous_6)
FNDA:0,(anonymous_7)
FNDA:0,(anonymous_8)
FNDA:0,(anonymous_9)
DA:17,0
DA:18,0
DA:19,0
DA:20,0
DA:30,0
DA:73,0
DA:76,0
DA:80,0
DA:81,0
DA:82,0
DA:85,0
DA:91,0
DA:92,0
DA:94,0
DA:95,0
DA:100,0
DA:101,0
DA:106,0
DA:107,0
DA:119,0
DA:120,0
DA:122,0
DA:123,0
DA:124,0
DA:128,0
DA:129,0
DA:134,0
DA:136,0
DA:137,0
DA:141,0
DA:153,0
DA:159,0
DA:165,0
DA:167,0
DA:168,0
DA:170,0
DA:181,0
DA:194,0
DA:195,0
DA:196,0
DA:199,0
DA:203,0
DA:204,0
DA:205,0
DA:206,0
DA:209,0
DA:215,0
DA:216,0
DA:219,0
DA:221,0
DA:222,0
DA:227,0
DA:228,0
DA:229,0
DA:230,0
DA:233,0
DA:240,0
DA:241,0
DA:244,0
DA:245,0
DA:247,0
DA:248,0
DA:253,0
DA:257,0
LF:64
LH:0
BRDA:19,0,0,0
BRDA:19,0,1,0
BRDA:81,1,0,0
BRDA:81,1,1,0
BRDA:87,2,0,0
BRDA:87,2,1,0
BRDA:100,3,0,0
BRDA:100,3,1,0
BRDA:110,4,0,0
BRDA:110,4,1,0
BRDA:110,4,2,0
BRDA:117,5,0,0
BRDA:123,6,0,0
BRDA:123,6,1,0
BRDA:136,7,0,0
BRDA:136,7,1,0
BRDA:194,8,0,0
BRDA:194,8,1,0
BRDA:196,9,0,0
BRDA:196,9,1,0
BRDA:205,10,0,0
BRDA:205,10,1,0
BRDA:215,11,0,0
BRDA:215,11,1,0
BRDA:229,12,0,0
BRDA:229,12,1,0
BRDA:240,13,0,0
BRDA:240,13,1,0
BRF:28
BRH:0
end_of_record
TN:
SF:services/socialService.ts
FN:13,followUser
FN:24,unfollowUser
FN:32,getFollowing
FN:39,(anonymous_3)
FN:49,(anonymous_4)
FN:52,getLeaderboard
FN:72,(anonymous_6)
FNF:7
FNH:0
FNDA:0,followUser
FNDA:0,unfollowUser
FNDA:0,getFollowing
FNDA:0,(anonymous_3)
FNDA:0,(anonymous_4)
FNDA:0,getLeaderboard
FNDA:0,(anonymous_6)
DA:14,0
DA:15,0
DA:17,0
DA:18,0
DA:25,0
DA:26,0
DA:28,0
DA:29,0
DA:33,0
DA:34,0
DA:36,0
DA:37,0
DA:39,0
DA:41,0
DA:43,0
DA:47,0
DA:49,0
DA:55,0
DA:56,0
DA:63,0
DA:70,0
DA:72,0
DA:73,0
DA:74,0
LF:24
LH:0
BRDA:15,0,0,0
BRDA:15,0,1,0
BRDA:26,1,0,0
BRDA:26,1,1,0
BRDA:34,2,0,0
BRDA:34,2,1,0
BRDA:41,3,0,0
BRDA:41,3,1,0
BRDA:55,4,0,0
BRDA:55,4,1,0
BRDA:75,5,0,0
BRDA:75,5,1,0
BRDA:76,6,0,0
BRDA:76,6,1,0
BRDA:77,7,0,0
BRDA:77,7,1,0
BRF:16
BRH:0
end_of_record
TN:
SF:services/storageService.ts
FN:23,(anonymous_0)
FN:33,(anonymous_1)
FN:54,(anonymous_2)
FN:61,(anonymous_3)
FN:62,(anonymous_4)
FN:77,(anonymous_5)
FN:92,(anonymous_6)
FN:105,(anonymous_7)
FNF:8
FNH:0
FNDA:0,(anonymous_0)
FNDA:0,(anonymous_1)
FNDA:0,(anonymous_2)
FNDA:0,(anonymous_3)
FNDA:0,(anonymous_4)
FNDA:0,(anonymous_5)
FNDA:0,(anonymous_6)
FNDA:0,(anonymous_7)
DA:4,0
DA:24,0
DA:25,0
DA:26,0
DA:28,0
DA:29,0
DA:34,0
DA:35,0
DA:36,0
DA:37,0
DA:44,0
DA:45,0
DA:55,0
DA:56,0
DA:57,0
DA:58,0
DA:61,0
DA:62,0
DA:65,0
DA:68,0
DA:69,0
DA:74,0
DA:77,0
DA:84,0
DA:85,0
DA:87,0
DA:88,0
DA:93,0
DA:94,0
DA:98,0
DA:99,0
DA:101,0
DA:106,0
DA:107,0
DA:108,0
DA:109,0
DA:110,0
DA:121,0
DA:126,0
LF:39
LH:0
BRDA:26,0,0,0
BRDA:26,0,1,0
BRDA:37,1,0,0
BRDA:37,1,1,0
BRDA:69,2,0,0
BRDA:69,2,1,0
BRDA:80,3,0,0
BRDA:80,3,1,0
BRDA:109,4,0,0
BRDA:109,4,1,0
BRF:10
BRH:0
end_of_record
TN:
SF:utils/dateUtils.ts
FN:1,formatDate
FN:31,formatDuration
FN:46,isDateInPast
FN:50,getDaysRemaining
FNF:4
FNH:0
FNDA:0,formatDate
FNDA:0,formatDuration
FNDA:0,isDateInPast
FNDA:0,getDaysRemaining
DA:2,0
DA:3,0
DA:4,0
DA:5,0
DA:7,0
DA:8,0
DA:11,0
DA:12,0
DA:15,0
DA:16,0
DA:19,0
DA:20,0
DA:23,0
DA:24,0
DA:25,0
DA:28,0
DA:32,0
DA:33,0
DA:36,0
DA:37,0
DA:39,0
DA:40,0
DA:43,0
DA:47,0
DA:51,0
DA:52,0
LF:26
LH:0
BRDA:7,0,0,0
BRDA:7,0,1,0
BRDA:11,1,0,0
BRDA:11,1,1,0
BRDA:15,2,0,0
BRDA:15,2,1,0
BRDA:19,3,0,0
BRDA:19,3,1,0
BRDA:23,4,0,0
BRDA:23,4,1,0
BRDA:25,5,0,0
BRDA:25,5,1,0
BRDA:32,6,0,0
BRDA:32,6,1,0
BRDA:39,7,0,0
BRDA:39,7,1,0
BRF:16
BRH:0
end_of_record
TN:
SF:utils/retry.ts
FN:9,retryWithBackoff
FN:33,(anonymous_1)
FNF:2
FNH:0
FNDA:0,retryWithBackoff
FNDA:0,(anonymous_1)
DA:15,0
DA:17,0
DA:18,0
DA:19,0
DA:21,0
DA:23,0
DA:24,0
DA:28,0
DA:33,0
DA:37,0
LF:10
LH:0
BRDA:12,0,0,0
BRDA:13,1,0,0
BRDA:23,2,0,0
BRDA:23,2,1,0
BRDA:37,3,0,0
BRDA:37,3,1,0
BRF:6
BRH:0
end_of_record
